[23:02:34] [main/INFO]: Setting user: Player484
[23:02:36] [Client thread/INFO]: LWJGL Version: 2.9.1
[23:02:47] [Client thread/INFO]: Reloading ResourceManager: Default, FMLFileResourcePack:Forge Mod Loader, FMLFileResourcePack:Minecraft Forge, FMLFileResourcePack:Not Enough Items, FMLFileResourcePack:Advanced Botany, FMLFileResourcePack:Baubles, FMLFileResourcePack:Botania, FMLFileResourcePack:Thaumcraft, FMLFileResourcePack:MineTweaker 3
[23:02:53] [Sound Library Loader/INFO]: Sound engine started
[23:02:54] [Client thread/INFO]: Created: 16x16 textures/blocks-atlas
[23:02:54] [Client thread/INFO]: Created: 16x16 textures/items-atlas
[23:02:56] [Client thread/INFO]: Reloading ResourceManager: Default, FMLFileResourcePack:Forge Mod Loader, FMLFileResourcePack:Minecraft Forge, FMLFileResourcePack:Not Enough Items, FMLFileResourcePack:Advanced Botany, FMLFileResourcePack:Baubles, FMLFileResourcePack:Botania, FMLFileResourcePack:Thaumcraft, FMLFileResourcePack:MineTweaker 3
[23:02:57] [Client thread/INFO]: Created: 1024x512 textures/blocks-atlas
[23:02:58] [Client thread/INFO]: Created: 1024x512 textures/items-atlas
[23:02:59] [Sound Library Loader/INFO]: Sound engine started
[23:03:11] [Server thread/INFO]: Starting integrated minecraft server version 1.7.10
[23:03:11] [Server thread/INFO]: Generating keypair
[23:03:11] [Server thread/INFO]: Preparing start region for level 0
[23:03:12] [Server thread/INFO]: Changing view distance to 3, from 10
[23:03:13] [Server thread/INFO]: Player484[local:E:8c236845] logged in with entity id 253 at (-202.97867903418336, 4.0, -10.041211899052607)
[23:03:13] [Server thread/INFO]: Player484 joined the game
[23:03:17] [Server thread/INFO]: Saving and pausing game...
[23:03:17] [Server thread/INFO]: Saving chunks for level 'New World'/Overworld
[23:03:17] [Server thread/INFO]: Saving chunks for level 'New World'/Nether
[23:03:17] [Server thread/INFO]: Saving chunks for level 'New World'/The End
[23:03:17] [Server thread/INFO]: Saving chunks for level 'New World'/The Outer Lands
[23:03:26] [Server thread/INFO]: Player484 has just earned the achievement [Taking Inventory]
[23:03:26] [Client thread/INFO]: [CHAT] Player484 has just earned the achievement [Taking Inventory]
[23:04:48] [main/INFO]: Setting user: Player712
[23:04:52] [Client thread/INFO]: LWJGL Version: 2.9.1
[23:05:11] [Client thread/INFO]: Reloading ResourceManager: Default, FMLFileResourcePack:Forge Mod Loade[23:05:29] [Client thread/INFO]: Reloading ResourceManager: Default, FMLFileResourcePack:Forge Mod Loader, FMLFileResourcePack:Minecraft Forge, FMLFileResourcePack:Not Enough Items, FMLFileResourcePack:Advanced Botany, FMLFileResourcePack:Baubles, FMLFileResourcePack:Botania, FMLFileResourcePack:Thaumcraft, FMLFileResourcePack:MineTweaker 3
16x16 textures/blocks-atlas
[23:05:24] [Client thread/INFO]: Created: 16x16 textures/items-atlas
[23:05:28] [Client thread/INFO]: Reloading ResourceManager: Default, FMLFileResourcePack:Forge Mod Loader, FMLFileResourcePack:Minecraft Forge, FMLFileResourcePack:Not Enough Items, FMLFileResourcePack:Advanced Botany, FMLFileResourcePack:Baubles, FMLFileResourcePack:Botania, FMLFileResourcePack:Thaumcraft, FMLFileResourcePack:MineTweaker 3
[23:05:31] [Client thread/INFO]: Created: 1024x512 textures/blocks-atlas
[23:05:32] [Client thread/INFO]: Created: 1024x512 textures/items-atlas
[23:05:33] [Sound Library Loader/INFO]: Sound engine started
