[23:24:26] [main/INFO]: Setting user: Player719
[23:24:28] [Client thread/INFO]: LWJGL Version: 2.9.1
[23:24:38] [Client thread/INFO]: Reloading ResourceManager: Default, FMLFileResourcePack:Forge Mod Loader, FMLFileResourcePack:Minecraft Forge, FMLFileResourcePack:Not Enough Items, FMLFileResourcePack:Advanced Botany, FMLFileResourcePack:Baubles, FMLFileResourcePack:Botania, FMLFileResourcePack:Thaumcraft, FMLFileResourcePack:MineTweaker 3
[23:24:43] [Sound Library Loader/INFO]: Sound engine started
[23:24:44] [Client thread/INFO]: Created: 16x16 textures/blocks-atlas
[23:24:44] [Client thread/INFO]: Created: 16x16 textures/items-atlas
[23:24:46] [Client thread/INFO]: Reloading ResourceManager: Default, FMLFileResourcePack:Forge Mod Loader, FMLFileResourcePack:Minecraft Forge, FMLFileResourcePack:Not Enough Items, FMLFileResourcePack:Advanced Botany, FMLFileResourcePack:Baubles, FMLFileResourcePack:Botania, FMLFileResourcePack:Thaumcraft, FMLFileResourcePack:MineTweaker 3
[23:24:47] [Client thread/INFO]: Created: 1024x512 textures/blocks-atlas
[23:24:48] [Client thread/INFO]: Created: 1024x512 textures/items-atlas
[23:24:49] [Sound Library Loader/INFO]: Sound engine started
[23:24:53] [Server thread/INFO]: Starting integrated minecraft server version 1.7.10
[23:24:53] [Server thread/INFO]: Generating keypair
[23:24:53] [Server thread/INFO]: Preparing start region for level 0
[23:24:54] [Server thread/INFO]: Changing view distance to 4, from 10
[23:24:55] [Server thread/INFO]: Player719[local:E:93b45068] logged in with entity id 406 at (-273.70200652378213, 70.0, 144.56916859715216)
[23:24:55] [Server thread/INFO]: Player719 присоединился к игре
[23:24:58] [Client thread/WARN]: Unable to play unknown soundEvent: minecraft:mob.witch.idle
[23:24:58] [Client thread/WARN]: Unable to play unknown soundEvent: minecraft:mob.witch.idle
[23:25:00] [Server thread/INFO]: Saving and pausing game...
[23:25:00] [Server thread/INFO]: Saving chunks for level 'Новый мир'/Overworld
[23:25:00] [Server thread/INFO]: Saving chunks for level 'Новый мир'/Nether
[23:25:00] [Server thread/INFO]: Saving chunks for level 'Новый мир'/The End
[23:25:00] [Server thread/INFO]: Saving chunks for level 'Новый мир'/The Outer Lands
[23:25:05] [Client thread/WARN]: Unable to play unknown soundEvent: minecraft:mob.witch.idle
[23:25:07] [Client thread/WARN]: Unable to play unknown soundEvent: minecraft:mob.witch.idle
[23:25:12] [Client thread/WARN]: Unable to play unknown soundEvent: minecraft:mob.witch.idle
[23:25:14] [Client thread/WARN]: Unable to play unknown soundEvent: minecraft:mob.witch.idle
[23:25:20] [Server thread/INFO]: Player719 заработал достижение [Проверить карманы]
[23:25:20] [Client thread/INFO]: [CHAT] Player719 заработал достижение [Проверить карманы]
[23:25:26] [Server thread/INFO]: [Player719: Дано [Обсидиановый тотем] * 63 игроку Player719]
[23:25:26] [Client thread/INFO]: [CHAT] Дано [Обсидиановый тотем] * 63 игроку Player719
[23:27:36] [Server thread/INFO]: [Player719: Дано [item.sphereNavigation.name] * 1 игроку Player719]
[23:27:36] [Client thread/INFO]: [CHAT] Дано [item.sphereNavigation.name] * 1 игроку Player719
[23:27:37] [Server thread/INFO]: [Player719: Дано [item.sphereNavigation.name] * 1 игроку Player719]
[23:27:37] [Client thread/INFO]: [CHAT] Дано [item.sphereNavigation.name] * 1 игроку Player719
[23:27:37] [Server thread/INFO]: [Player719: Дано [item.sphereNavigation.name] * 1 игроку Player719]
[23:27:37] [Client thread/INFO]: [CHAT] Дано [item.sphereNavigation.name] * 1 игроку Player719
[23:27:37] [Server thread/INFO]: [Player719: Дано [item.sphereNavigation.name] * 1 игроку Player719]
[23:27:37] [Client thread/INFO]: [CHAT] Дано [item.sphereNavigation.name] * 1 игроку Player719
[23:32:27] [Server thread/INFO]: [Player719: Дано [Установщик древних обелисков] * 1 игроку Player719]
[23:32:27] [Client thread/INFO]: [CHAT] Дано [Установщик древних обелисков] * 1 игроку Player719
[23:36:12] [Server thread/WARN]: Can't keep up! Did the system time change, or is the server overloaded? Running 2180ms behind, skipping 43 tick(s)
[23:42:11] [Server thread/INFO]: Saving and pausing game...
[23:42:11] [Server thread/INFO]: Saving chunks for level 'Новый мир'/Overworld
[23:42:11] [Server thread/INFO]: Saving chunks for level 'Новый мир'/Nether
[23:42:11] [Server thread/INFO]: Saving chunks for level 'Новый мир'/The End
[23:42:11] [Server thread/INFO]: Saving chunks for level 'Новый мир'/The Outer Lands
cePack:Forge Mod Loader, FMLFileResourcePack:Minecraft Forge, FMLFileResourcePack:Not Enough Items, FMLFileResourcePack:Advanced Botany, FMLFileResourcePack:Baubles, FMLFileResourcePack:Botania, FMLFileResourcePack:Thaumcraft, FMLFileResourcePack:MineTweaker 3
[23:30:34] [Client thread/INFO]: Created: 1024x512 textures/blocks-atlas
[23:30:35] [Client thread/INFO]: Created: 1024x512 textures/items-atlas
[23:30:35] [Sound Library Loader/INFO]: Sound engine started
[23:33:13] [Client thread/INFO]: Stopping!
641
[23:31:45] [Client thread/INFO]: LWJGL Version: 2.9.1
[23:32:02] [Client thread/INFO]: Reloading ResourceManager: Default, FMLFileResourcePack:Forge Mod Loader, FMLFileResourcePack:Minecraft Forge, FMLFileResourcePack:Not Enough Items, FMLFileResourcePack:Advanced Botany, FMLFileResourcePack:Baubles, FMLFileResourcePack:Botania, FMLFileResourcePack:Thaumcraft, FMLFileResourcePack:MineTweaker 3
[23:32:12] [Sound Library Loader/INFO]: Sound engine started
[23:32:15] [Client thread/INFO]: Created: 16x16 textures/blocks-atlas
[23:32:15] [Client thread/INFO]: Created: 16x16 textures/items-atlas
[23:32:18] [Client thread/INFO]: Reloading ResourceManager: Default, FMLFileResourcePack:Forge Mod Loader, FMLFileResourcePack:Minecraft Forge, FMLFileResourcePack:Not Enough Items, FMLFileResourcePack:Advanced Botany, FMLFileResourcePack:Baubles, FMLFileResourcePack:Botania, FMLFileResourcePack:Thaumcraft, FMLFileResourcePack:MineTweaker 3
[23:32:20] [Client thread/INFO]: Created: 1024x512 textures/blocks-atlas
[23:32:21] [Client thread/INFO]: Created: 1024x512 textures/items-atlas
[23:32:22] [Sound Library Loader/INFO]: Sound engine started
[23:33:10] [Client thread/INFO]: Stopping!
[23:40:41] [main/INFO]: Setting user: Player356
[23:40:44] [Client thread/INFO]: LWJGL Version: 2.9.1
[23:40:59] [Client thread/INFO]: Reloading ResourceManager: Default, FMLFileResourcePack:Forge Mod Loader, FMLFileResourcePack:Minecraft Forge, FMLFileResourcePack:Not Enough Items, FMLFileResourcePack:Advanced Botany, FMLFileResourcePack:Baubles, FMLFileResourcePack:Botania, FMLFileResourcePack:Thaumcraft, FMLFileResourcePack:MineTweaker 3
[23:41:07] [Sound Library Loader/INFO]: Sound engine started
[23:41:10] [Client thread/INFO]: Created: 16x16 textures/blocks-atlas
[23:41:10] [Client thread/INFO]: Created: 16x16 textures/items-atlas
[23:41:15] [Client thread/INFO]: Reloading ResourceManager: Default, FMLFileResourcePack:Forge Mod Loader, FMLFileResourcePack:Minecraft Forge, FMLFileResourcePack:Not Enough Items, FMLFileResourcePack:Advanced Botany, FMLFileResourcePack:Baubles, FMLFileResourcePack:Botania, FMLFileResourcePack:Thaumcraft, FMLFileResourcePack:MineTweaker 3
[23:41:17] [Client thread/INFO]: Created: 1024x51[23:41:20] [Client thread/INFO]: LWJGL Version: 2.9.1
[23:41:37] [Client thread/INFO]: Reloading ResourceManager: Default, FMLFileResourcePack:Forge Mod Loader, FMLFileResourcePack:Minecraft Forge, FMLFileResourcePack:Not Enough Items, FMLFileResourcePack:Advanced Botany, FMLFileResourcePack:Baubles, FMLFileResourcePack:Botania, FMLFileResourcePack:Thaumcraft, FMLFileResourcePack:MineTweaker 3
[23:41:50] [Sound Library Loader/INFO]: Sound engine started
[23:41:52] [Client thread/INFO]: Created: [23:42:03] [Client thread/INFO]: Reloading ResourceManager: Default, FMLFileResourcePack:Forge Mod Loader, FMLFileResourcePack:Minecraft Forge, FMLFileResourcePack:Not Enough Items, FMLFileResourcePack:Advanced Botany, FMLFileResourcePack:Baubles, FMLFileResourcePack:Botania, FMLFileResourcePack:Thaumcraft, FMLFileResourcePack:MineTweaker 3
[23:42:18] [Sound Library Loader/INFO]: Sound engine started
[23:42:21] [Client thread/INFO]: Created: 16x16 textures/blocks-atlas
[23:42:21] [Client thread/INFO]: Created: 16x16 textures/items-atlas
[23:42:24] [Client thread/INFO]: Reloading ResourceManager: Default, FMLFileResourcePack:Forge Mod Loader[23:42:42] [Client thread/INFO]: Stopping!
leResourcePack:Not Enough Items, FMLFileResourcePack:Advance[23:42:35] [Client thread/INFO]: Reloading ResourceManager: Default, FMLFileResourcePack:Forge Mod Loader, FMLFileResourcePack:Minecraft Forge, FMLFileResourcePack:Not Enough Items, FMLFileResourcePack:Advanced Botany, FMLFileResourcePack:Baubles, FMLFileResourcePack:Botania, FMLFileResourcePack:Thaumcraft, FMLFileResourcePack:MineTweaker 3
[23:42:42] [Sound Library Loader/INFO]: Sound engine started
[23:42:44] [Client thread/INFO]: Created: 16x16 textures/blocks-atlas
[23:42:44] [Client thread/INFO]: Created: 16x16 textures/items-atlas
[23:42:46] [Client thread/INFO]: Reloading ResourceManager: Default, FMLFileResourcePack:Forge Mod Loader, FMLFileResourcePack:Minecraft Forge, FMLFileResourcePack:Not Enough Items, FMLFileResourcePack:Advanced Botany, FMLFileResourcePack:Baubles, FMLFileResourcePack:Botania, FMLFileResourcePack:Thaumcraft, FMLFileResourcePack:MineTweaker 3
[23:42:48] [Client thread/INFO]: Created: 1024x512 textures/blocks-atlas
[23:42:49] [Client thread/INFO]: Created: 1024x512 textures/items-atlas
[23:42:49] [Sound Library Loader/INFO]: Sound engine started
