[17:13:35] [main/INFO]: Setting user: Player444
[17:13:37] [Client thread/INFO]: LWJGL Version: 2.9.1
[17:13:47] [Client thread/INFO]: Reloading ResourceManager: Default, FMLFileResourcePack:Forge Mod Loader, FMLFileResourcePack:Minecraft Forge, FMLFileResourcePack:Not Enough Items, FMLFileResourcePack:Advanced Botany, FMLFileResourcePack:Baubles, FMLFileResourcePack:Botania, FMLFileResourcePack:Thaumcraft, FMLFileResourcePack:MineTweaker 3
[17:13:52] [Sound Library Loader/INFO]: Sound engine started
[17:13:53] [Client thread/INFO]: Created: 16x16 textures/blocks-atlas
[17:13:53] [Client thread/INFO]: Created: 16x16 textures/items-atlas
[17:13:54] [Client thread/INFO]: Reloading ResourceManager: Default, FMLFileResourcePack:Forge Mod Loader, FMLFileResourcePack:Minecraft Forge, FMLFileResourcePack:Not Enough Items, FMLFileResourcePack:Advanced Botany, FMLFileResourcePack:Baubles, FMLFileResourcePack:Botania, FMLFileResourcePack:Thaumcraft, FMLFileResourcePack:MineTweaker 3
[17:13:55] [Client thread/INFO]: Created: 1024x512 textures/blocks-atlas
[17:13:56] [Client thread/INFO]: Created: 1024x512 textures/items-atlas
[17:13:57] [Sound Library Loader/INFO]: Sound engine started
[17:14:06] [Server thread/INFO]: Starting integrated minecraft server version 1.7.10
[17:14:06] [Server thread/INFO]: Generating keypair
[17:14:06] [Server thread/INFO]: Preparing start region for level 0
[17:14:07] [Server thread/INFO]: Changing view distance to 4, from 10
[17:14:07] [Server thread/INFO]: Player444[local:E:29fcd7dc] logged in with entity id 190 at (136.62657297268575, 4.0, 1794.0439284448348)
[17:14:07] [Server thread/INFO]: Player444 присоединился к игре
[17:14:07] [Server thread/WARN]: Skipping BlockEntity with id 220s
[17:14:07] [Server thread/WARN]: Skipping BlockEntity with id 220s
[17:14:07] [Server thread/WARN]: Skipping BlockEntity with id 220s
[17:14:07] [Server thread/WARN]: Skipping BlockEntity with id 220s
[17:14:07] [Server thread/WARN]: Skipping BlockEntity with id 220s
[17:14:07] [Server thread/WARN]: Skipping BlockEntity with id 220s
[17:14:07] [Server thread/WARN]: Skipping BlockEntity with id 220s
[17:14:07] [Server thread/WARN]: Skipping BlockEntity with id 220s
[17:14:07] [Server thread/WARN]: Skipping BlockEntity with id 220s
[17:14:07] [Server thread/WARN]: Skipping BlockEntity with id 220s
[17:14:07] [Server thread/WARN]: Skipping BlockEntity with id 220s
[17:14:07] [Server thread/WARN]: Skipping BlockEntity with id 220s
[17:14:12] [Server thread/INFO]: Saving and pausing game...
[17:14:12] [Server thread/INFO]: Saving chunks for level 'Новый мир'/Overworld
[17:14:12] [Server thread/INFO]: Saving chunks for level 'Новый мир'/Nether
[17:14:12] [Server thread/INFO]: Saving chunks for level 'Новый мир'/The End
[17:14:12] [Server thread/INFO]: Saving chunks for level 'Новый мир'/The Outer Lands
[17:14:24] [Server thread/INFO]: Player444 заработал достижение [Проверить карманы]
[17:14:24] [Client thread/INFO]: [CHAT] Player444 заработал достижение [Проверить карманы]
[17:17:10] [Server thread/INFO]: [Player444: Дано [Туманный шлем] * 1 игроку Player444]
[17:17:10] [Client thread/INFO]: [CHAT] Дано [Туманный шлем] * 1 игроку Player444
[17:17:14] [Server thread/INFO]: [Player444: Дано [Туманная кираса] * 1 игроку Player444]
[17:17:14] [Client thread/INFO]: [CHAT] Дано [Туманная кираса] * 1 игроку Player444
[17:17:14] [Server thread/INFO]: [Player444: Дано [Туманные поножи] * 1 игроку Player444]
[17:17:14] [Client thread/INFO]: [CHAT] Дано [Туманные поножи] * 1 игроку Player444
[17:17:15] [Server thread/INFO]: [Player444: Дано [Туманные ботинки] * 1 игроку Player444]
[17:17:15] [Client thread/INFO]: [CHAT] Дано [Туманные ботинки] * 1 игроку Player444
[17:22:14] [Server thread/INFO]: Player444 заработал достижение [Доступ к личному богатсву]
[17:22:14] [Client thread/INFO]: [CHAT] Player444 заработал достижение [Доступ к личному богатсву]
[17:22:27] [Server thread/WARN]: Skipping BlockEntity with id 220s
[17:22:27] [Server thread/WARN]: Skipping BlockEntity with id 220s
[17:22:27] [Server thread/WARN]: Skipping BlockEntity with id 220s
[17:22:27] [Server thread/WARN]: Skipping BlockEntity with id 220s
[17:22:27] [Server thread/WARN]: Skipping BlockEntity with id 220s
[17:22:27] [Server thread/WARN]: Skipping BlockEntity with id 220s
[17:22:27] [Server thread/WARN]: Skipping BlockEntity with id 220s
[17:22:27] [Server thread/WARN]: Skipping BlockEntity with id 220s
[17:22:27] [Server thread/WARN]: Skipping BlockEntity with id 220s
[17:22:27] [Server thread/WARN]: Skipping BlockEntity with id 220s
[17:22:27] [Server thread/WARN]: Skipping BlockEntity with id 220s
[17:22:27] [Server thread/WARN]: Skipping BlockEntity with id 220s
[17:22:27] [Server thread/WARN]: Skipping BlockEntity with id 220s
[17:22:27] [Server thread/WARN]: Skipping BlockEntity with id 220s
[17:22:27] [Server thread/WARN]: Skipping BlockEntity with id 220s
[17:22:27] [Server thread/WARN]: Skipping BlockEntity with id 220s
[17:22:27] [Server thread/WARN]: Skipping BlockEntity with id 220s
[17:22:27] [Server thread/WARN]: Skipping BlockEntity with id 220s
[17:22:27] [Server thread/WARN]: Skipping BlockEntity with id 220s
[17:22:27] [Server thread/WARN]: Skipping BlockEntity with id 220s
[17:22:27] [Server thread/WARN]: Skipping BlockEntity with id 220s
[17:22:27] [Server thread/WARN]: Skipping BlockEntity with id 220s
[17:22:27] [Server thread/WARN]: Skipping BlockEntity with id 220s
[17:22:27] [Server thread/WARN]: Skipping BlockEntity with id 220s
[17:22:27] [Server thread/WARN]: Skipping BlockEntity with id 220s
[17:22:27] [Server thread/WARN]: Skipping BlockEntity with id 220s
[17:22:27] [Server thread/WARN]: Skipping BlockEntity with id 220s
[17:22:27] [Server thread/WARN]: Skipping BlockEntity with id 220s
[17:22:27] [Server thread/WARN]: Skipping BlockEntity with id 220s
[17:22:27] [Server thread/WARN]: Skipping BlockEntity with id 220s
[17:22:27] [Server thread/WARN]: Skipping BlockEntity with id 220s
[17:22:27] [Server thread/WARN]: Skipping BlockEntity with id 220s
[17:22:27] [Server thread/WARN]: Skipping BlockEntity with id 220s
[17:22:27] [Server thread/WARN]: Skipping BlockEntity with id 220s
[17:22:27] [Server thread/WARN]: Skipping BlockEntity with id 220s
[17:22:27] [Server thread/WARN]: Skipping BlockEntity with id 220s
[17:22:27] [Server thread/WARN]: Skipping BlockEntity with id 220s
[17:22:46] [Client thread/WARN]: Unable to play unknown soundEvent: minecraft:mob.witch.hurt
[17:22:46] [Client thread/WARN]: Unable to play unknown soundEvent: minecraft:mob.witch.hurt
[17:22:47] [Client thread/WARN]: Unable to play unknown soundEvent: minecraft:mob.witch.idle
[17:22:48] [Client thread/WARN]: Unable to play unknown soundEvent: minecraft:mob.witch.idle
[17:22:48] [Client thread/WARN]: Unable to play unknown soundEvent: minecraft:mob.witch.death
[17:22:48] [Client thread/WARN]: Unable to play unknown soundEvent: minecraft:mob.witch.death
[17:23:02] [Server thread/WARN]: Skipping BlockEntity with id 220s
[17:23:02] [Server thread/WARN]: Skipping BlockEntity with id 220s
[17:23:02] [Server thread/WARN]: Skipping BlockEntity with id 220s
[17:23:02] [Server thread/WARN]: Skipping BlockEntity with id 220s
[17:23:02] [Server thread/WARN]: Skipping BlockEntity with id 220s
[17:23:02] [Server thread/WARN]: Skipping BlockEntity with id 220s
[17:23:02] [Server thread/WARN]: Skipping BlockEntity with id 220s
[17:23:02] [Server thread/WARN]: Skipping BlockEntity with id 220s
[17:23:02] [Server thread/WARN]: Skipping BlockEntity with id 220s
[17:23:02] [Server thread/WARN]: Skipping BlockEntity with id 220s
[17:23:02] [Server thread/WARN]: Skipping BlockEntity with id 220s
[17:23:02] [Server thread/WARN]: Skipping BlockEntity with id 220s
[17:23:02] [Server thread/WARN]: Skipping BlockEntity with id 220s
[17:23:02] [Server thread/WARN]: Skipping BlockEntity with id 220s
[17:23:02] [Server thread/WARN]: Skipping BlockEntity with id 220s
[17:23:02] [Server thread/WARN]: Skipping BlockEntity with id 220s
[17:23:02] [Server thread/WARN]: Skipping BlockEntity with id 220s
[17:23:02] [Server thread/WARN]: Skipping BlockEntity with id 220s
[17:23:02] [Server thread/WARN]: Skipping BlockEntity with id 220s
[17:23:02] [Server thread/WARN]: Skipping BlockEntity with id 220s
[17:23:02] [Server thread/WARN]: Skipping BlockEntity with id 220s
[17:23:02] [Server thread/WARN]: Skipping BlockEntity with id 220s
[17:23:02] [Server thread/WARN]: Skipping BlockEntity with id 220s
[17:23:02] [Server thread/WARN]: Skipping BlockEntity with id 220s
[17:23:02] [Server thread/WARN]: Skipping BlockEntity with id 220s
[17:23:02] [Server thread/WARN]: Skipping BlockEntity with id 220s
[17:23:02] [Server thread/WARN]: Skipping BlockEntity with id 220s
[17:23:02] [Server thread/WARN]: Skipping BlockEntity with id 220s
[17:23:20] [Server thread/WARN]: Skipping BlockEntity with id 220s
[17:23:20] [Server thread/WARN]: Skipping BlockEntity with id 220s
[17:23:20] [Server thread/WARN]: Skipping BlockEntity with id 220s
[17:23:20] [Server thread/WARN]: Skipping BlockEntity with id 220s
[17:23:20] [Server thread/WARN]: Skipping BlockEntity with id 220s
[17:23:20] [Server thread/WARN]: Skipping BlockEntity with id 220s
[17:23:20] [Server thread/WARN]: Skipping BlockEntity with id 220s
[17:23:20] [Server thread/WARN]: Skipping BlockEntity with id 220s
[17:23:20] [Server thread/WARN]: Skipping BlockEntity with id 220s
[17:23:20] [Server thread/WARN]: Skipping BlockEntity with id 220s
[17:23:20] [Server thread/WARN]: Skipping BlockEntity with id 220s
[17:23:20] [Server thread/WARN]: Skipping BlockEntity with id 220s
[17:26:39] [Server thread/WARN]: Skipping BlockEntity with id 220s
[17:26:39] [Server thread/WARN]: Skipping BlockEntity with id 220s
[17:26:39] [Server thread/WARN]: Skipping BlockEntity with id 220s
[17:26:39] [Server thread/WARN]: Skipping BlockEntity with id 220s
[17:26:39] [Server thread/WARN]: Skipping BlockEntity with id 220s
[17:26:39] [Server thread/WARN]: Skipping BlockEntity with id 220s
[17:26:39] [Server thread/WARN]: Skipping BlockEntity with id 220s
[17:26:39] [Server thread/WARN]: Skipping BlockEntity with id 220s
[17:26:39] [Server thread/WARN]: Skipping BlockEntity with id 220s
[17:26:39] [Server thread/WARN]: Skipping BlockEntity with id 220s
[17:26:39] [Server thread/WARN]: Skipping BlockEntity with id 220s
[17:26:39] [Server thread/WARN]: Skipping BlockEntity with id 220s
[17:26:39] [Server thread/WARN]: Skipping BlockEntity with id 220s
[17:26:39] [Server thread/WARN]: Skipping BlockEntity with id 220s
[17:26:39] [Server thread/WARN]: Skipping BlockEntity with id 220s
[17:26:39] [Server thread/WARN]: Skipping BlockEntity with id 220s
[17:26:39] [Server thread/WARN]: Skipping BlockEntity with id 220s
[17:26:39] [Server thread/WARN]: Skipping BlockEntity with id 220s
[17:26:39] [Server thread/WARN]: Skipping BlockEntity with id 220s
[17:26:39] [Server thread/WARN]: Skipping BlockEntity with id 220s
[17:26:39] [Server thread/WARN]: Skipping BlockEntity with id 220s
[17:26:39] [Server thread/WARN]: Skipping BlockEntity with id 220s
[17:26:39] [Server thread/WARN]: Skipping BlockEntity with id 220s
[17:26:39] [Server thread/WARN]: Skipping BlockEntity with id 220s
[17:26:39] [Server thread/WARN]: Skipping BlockEntity with id 220s
[17:26:39] [Server thread/WARN]: Skipping BlockEntity with id 220s
[17:26:39] [Server thread/WARN]: Skipping BlockEntity with id 220s
[17:26:39] [Server thread/WARN]: Skipping BlockEntity with id 220s
[17:26:44] [Server thread/WARN]: Skipping BlockEntity with id 220s
[17:26:44] [Server thread/WARN]: Skipping BlockEntity with id 220s
[17:26:44] [Server thread/WARN]: Skipping BlockEntity with id 220s
[17:26:44] [Server thread/WARN]: Skipping BlockEntity with id 220s
[17:26:44] [Server thread/WARN]: Skipping BlockEntity with id 220s
[17:26:44] [Server thread/WARN]: Skipping BlockEntity with id 220s
[17:26:44] [Server thread/WARN]: Skipping BlockEntity with id 220s
[17:26:44] [Server thread/WARN]: Skipping BlockEntity with id 220s
[17:26:44] [Server thread/WARN]: Skipping BlockEntity with id 220s
[17:26:53] [Server thread/WARN]: Skipping BlockEntity with id 220s
[17:26:53] [Server thread/WARN]: Skipping BlockEntity with id 220s
[17:26:53] [Server thread/WARN]: Skipping BlockEntity with id 220s
[17:26:53] [Server thread/WARN]: Skipping BlockEntity with id 220s
[17:26:53] [Server thread/WARN]: Skipping BlockEntity with id 220s
[17:26:53] [Server thread/WARN]: Skipping BlockEntity with id 220s
[17:26:53] [Server thread/WARN]: Skipping BlockEntity with id 220s
[17:26:53] [Server thread/WARN]: Skipping BlockEntity with id 220s
[17:26:53] [Server thread/WARN]: Skipping BlockEntity with id 220s
[17:27:17] [Server thread/INFO]: [Player444: Дано [Слиток манастали] * 63 игроку Player444]
[17:27:17] [Client thread/INFO]: [CHAT] Дано [Слиток манастали] * 63 игроку Player444
[17:27:18] [Server thread/INFO]: [Player444: Дано [Жемчуг маны] * 63 игроку Player444]
[17:27:18] [Client thread/INFO]: [CHAT] Дано [Жемчуг маны] * 63 игроку Player444
[17:27:19] [Server thread/INFO]: Saving and pausing game...
[17:27:19] [Server thread/INFO]: Saving chunks for level 'Новый мир'/Overworld
[17:27:19] [Server thread/INFO]: Saving chunks for level 'Новый мир'/Nether
[17:27:19] [Server thread/INFO]: Saving chunks for level 'Новый мир'/The End
[17:27:19] [Server thread/INFO]: Saving chunks for level 'Новый мир'/The Outer Lands
[17:27:19] [Server thread/WARN]: Skipping BlockEntity with id 220s
[17:27:19] [Server thread/WARN]: Skipping BlockEntity with id 220s
[17:27:19] [Server thread/WARN]: Skipping BlockEntity with id 220s
[17:27:19] [Server thread/WARN]: Skipping BlockEntity with id 220s
[17:27:19] [Server thread/WARN]: Skipping BlockEntity with id 220s
[17:27:19] [Server thread/WARN]: Skipping BlockEntity with id 220s
[17:27:19] [Server thread/WARN]: Skipping BlockEntity with id 220s
[17:27:19] [Server thread/WARN]: Skipping BlockEntity with id 220s
[17:27:19] [Server thread/WARN]: Skipping BlockEntity with id 220s
[17:27:25] [Server thread/INFO]: [Player444: Дано [Манаалмаз] * 63 игроку Player444]
[17:27:25] [Client thread/INFO]: [CHAT] Дано [Манаалмаз] * 63 игроку Player444
[17:27:32] [Server thread/INFO]: [Player444: Дано [Слиток манастали] * 63 игроку Player444]
[17:27:32] [Client thread/INFO]: [CHAT] Дано [Слиток манастали] * 63 игроку Player444
[17:27:32] [Server thread/INFO]: [Player444: Дано [Жемчуг маны] * 63 игроку Player444]
[17:27:32] [Client thread/INFO]: [CHAT] Дано [Жемчуг маны] * 63 игроку Player444
[17:27:35] [Server thread/INFO]: [Player444: Дано [Манаалмаз] * 63 игроку Player444]
[17:27:35] [Client thread/INFO]: [CHAT] Дано [Манаалмаз] * 63 игроку Player444
[17:27:39] [Server thread/WARN]: Skipping BlockEntity with id 220s
[17:27:39] [Server thread/WARN]: Skipping BlockEntity with id 220s
[17:27:39] [Server thread/WARN]: Skipping BlockEntity with id 220s
[17:27:39] [Server thread/WARN]: Skipping BlockEntity with id 220s
[17:27:39] [Server thread/WARN]: Skipping BlockEntity with id 220s
[17:27:39] [Server thread/WARN]: Skipping BlockEntity with id 220s
[17:27:39] [Server thread/WARN]: Skipping BlockEntity with id 220s
[17:27:39] [Server thread/WARN]: Skipping BlockEntity with id 220s
[17:28:00] [Server thread/INFO]: [Player444: Дано [Вечно наполненный бассейн] * 63 игроку Player444]
[17:28:00] [Client thread/INFO]: [CHAT] Дано [Вечно наполненный бассейн] * 63 игроку Player444
[17:28:03] [Server thread/INFO]: [Player444: Дано [Сверхпроводимая искра] * 63 игроку Player444]
[17:28:03] [Client thread/INFO]: [CHAT] Дано [Сверхпроводимая искра] * 63 игроку Player444
[17:28:05] [Server thread/INFO]: [Player444: Дано [Сверхпроводимая искра] * 63 игроку Player444]
[17:28:05] [Client thread/INFO]: [CHAT] Дано [Сверхпроводимая искра] * 63 игроку Player444
[17:28:24] [Server thread/WARN]: Skipping BlockEntity with id 220s
[17:28:24] [Server thread/WARN]: Skipping BlockEntity with id 220s
[17:28:24] [Server thread/WARN]: Skipping BlockEntity with id 220s
[17:28:24] [Server thread/WARN]: Skipping BlockEntity with id 220s
[17:28:24] [Server thread/WARN]: Skipping BlockEntity with id 220s
[17:28:24] [Server thread/WARN]: Skipping BlockEntity with id 220s
[17:28:24] [Server thread/WARN]: Skipping BlockEntity with id 220s
[17:28:24] [Server thread/WARN]: Skipping BlockEntity with id 220s
[17:29:19] [Server thread/INFO]: [Player444: Дано [Слиток манастали] * 63 игроку Player444]
[17:29:19] [Client thread/INFO]: [CHAT] Дано [Слиток манастали] * 63 игроку Player444
[17:29:19] [Server thread/INFO]: [Player444: Дано [Жемчуг маны] * 63 игроку Player444]
[17:29:19] [Client thread/INFO]: [CHAT] Дано [Жемчуг маны] * 63 игроку Player444
[17:29:20] [Server thread/INFO]: [Player444: Дано [Манаалмаз] * 63 игроку Player444]
[17:29:20] [Client thread/INFO]: [CHAT] Дано [Манаалмаз] * 63 игроку Player444
[17:29:25] [Server thread/INFO]: [Player444: Дано [Слиток манастали] * 63 игроку Player444]
[17:29:25] [Client thread/INFO]: [CHAT] Дано [Слиток манастали] * 63 игроку Player444
[17:29:25] [Server thread/INFO]: [Player444: Дано [Жемчуг маны] * 63 игроку Player444]
[17:29:25] [Client thread/INFO]: [CHAT] Дано [Жемчуг маны] * 63 игроку Player444
[17:29:26] [Server thread/INFO]: [Player444: Дано [Манаалмаз] * 63 игроку Player444]
[17:29:26] [Client thread/INFO]: [CHAT] Дано [Манаалмаз] * 63 игроку Player444
[17:36:38] [Server thread/INFO]: [Player444: Дано [Бассейн маны] * 63 игроку Player444]
[17:36:38] [Client thread/INFO]: [CHAT] Дано [Бассейн маны] * 63 игроку Player444
[17:36:41] [Server thread/INFO]: [Player444: Дано [Пилон маны] * 63 игроку Player444]
[17:36:41] [Client thread/INFO]: [CHAT] Дано [Пилон маны] * 63 игроку Player444
[17:37:12] [Server thread/INFO]: [Player444: Дано [Блок манастали] * 63 игроку Player444]
[17:37:12] [Client thread/INFO]: [CHAT] Дано [Блок манастали] * 63 игроку Player444
[17:37:13] [Server thread/INFO]: [Player444: Дано [Блок манакварца] * 63 игроку Player444]
[17:37:13] [Client thread/INFO]: [CHAT] Дано [Блок манакварца] * 63 игроку Player444
[17:38:23] [Server thread/WARN]: Skipping BlockEntity with id 220s
[17:38:23] [Server thread/WARN]: Skipping BlockEntity with id 220s
[17:38:23] [Server thread/WARN]: Skipping BlockEntity with id 220s
[17:38:23] [Server thread/WARN]: Skipping BlockEntity with id 220s
[17:38:23] [Server thread/WARN]: Skipping BlockEntity with id 220s
[17:38:23] [Server thread/WARN]: Skipping BlockEntity with id 220s
[17:38:23] [Server thread/WARN]: Skipping BlockEntity with id 220s
[17:38:23] [Server thread/WARN]: Skipping BlockEntity with id 220s
[17:38:23] [Server thread/WARN]: Skipping BlockEntity with id 220s
[17:38:23] [Server thread/WARN]: Skipping BlockEntity with id 220s
[17:38:54] [Server thread/WARN]: Skipping BlockEntity with id 220s
[17:38:54] [Server thread/WARN]: Skipping BlockEntity with id 220s
[17:39:18] [Server thread/INFO]: [Player444: Дано [Плита из жизнекамня] * 63 игроку Player444]
[17:39:18] [Client thread/INFO]: [CHAT] Дано [Плита из жизнекамня] * 63 игроку Player444
[17:39:38] [Server thread/WARN]: Skipping BlockEntity with id 220s
[17:39:38] [Server thread/WARN]: Skipping BlockEntity with id 220s
[17:40:23] [Server thread/WARN]: Skipping BlockEntity with id 220s
[17:40:23] [Server thread/WARN]: Skipping BlockEntity with id 220s
[17:41:08] [Server thread/WARN]: Skipping BlockEntity with id 220s
[17:41:08] [Server thread/WARN]: Skipping BlockEntity with id 220s
[17:57:05] [Server thread/INFO]: [Player444: Дано [Сверхпроводимая искра] * 64 игроку Player444]
[17:57:05] [Client thread/INFO]: [CHAT] Дано [Сверхпроводимая искра] * 64 игроку Player444
[17:57:13] [Server thread/INFO]: [Player444: Дано [Вечно наполненный бассейн] * 63 игроку Player444]
[17:57:13] [Client thread/INFO]: [CHAT] Дано [Вечно наполненный бассейн] * 63 игроку Player444
[17:58:20] [Server thread/INFO]: [Player444: Дано [Слиток манастали] * 63 игроку Player444]
[17:58:20] [Client thread/INFO]: [CHAT] Дано [Слиток манастали] * 63 игроку Player444
[17:58:21] [Server thread/INFO]: [Player444: Дано [Жемчуг маны] * 63 игроку Player444]
[17:58:21] [Client thread/INFO]: [CHAT] Дано [Жемчуг маны] * 63 игроку Player444
[17:58:21] [Server thread/INFO]: [Player444: Дано [Манаалмаз] * 63 игроку Player444]
[17:58:21] [Client thread/INFO]: [CHAT] Дано [Манаалмаз] * 63 игроку Player444
[20:14:08] [Server thread/INFO]: [Player444: Дано [Посох леса] * 1 игроку Player444]
[20:14:08] [Client thread/INFO]: [CHAT] Дано [Посох леса] * 1 игроку Player444
[20:14:11] [Server thread/INFO]: [Player444: Дано [Вечно наполненный бассейн] * 63 игроку Player444]
[20:14:11] [Client thread/INFO]: [CHAT] Дано [Вечно наполненный бассейн] * 63 игроку Player444
[20:14:24] [Server thread/INFO]: [Player444: Дано [Туманное кольцо маны] * 1 игроку Player444]
[20:14:24] [Client thread/INFO]: [CHAT] Дано [Туманное кольцо маны] * 1 игроку Player444
[20:21:38] [Server thread/INFO]: Saving and pausing game...
[20:21:38] [Server thread/INFO]: Saving chunks for level 'Новый мир'/Overworld
[20:21:38] [Server thread/INFO]: Saving chunks for level 'Новый мир'/Nether
[20:21:38] [Server thread/INFO]: Saving chunks for level 'Новый мир'/The End
[20:21:38] [Server thread/INFO]: Saving chunks for level 'Новый мир'/The Outer Lands
[20:21:38] [Server thread/INFO]: Stopping server
[20:21:38] [Server thread/INFO]: Saving players
[20:21:38] [Server thread/INFO]: Saving worlds
[20:21:38] [Server thread/INFO]: Saving chunks for level 'Новый мир'/Overworld
[20:21:38] [Server thread/INFO]: Saving chunks for level 'Новый мир'/Nether
[20:21:38] [Server thread/INFO]: Saving chunks for level 'Новый мир'/The End
[20:21:38] [Server thread/INFO]: Saving chunks for level 'Новый мир'/The Outer Lands
[20:21:46] [Server thread/INFO]: Starting integrated minecraft server version 1.7.10
[20:21:46] [Server thread/INFO]: Generating keypair
[20:21:46] [Server thread/INFO]: Converting map!
[20:21:46] [Server thread/INFO]: Scanning folders...
[20:21:46] [Server thread/INFO]: Total conversion count is 0
[20:21:46] [Server thread/INFO]: Preparing start region for level 0
[20:21:47] [Server thread/INFO]: Preparing spawn area: 21%
[20:21:48] [Server thread/INFO]: Preparing spawn area: 40%
[20:21:49] [Server thread/INFO]: Preparing spawn area: 62%
[20:21:50] [Server thread/INFO]: Preparing spawn area: 80%
[20:21:51] [Server thread/INFO]: Preparing spawn area: 95%
[20:21:52] [Server thread/INFO]: Changing view distance to 4, from 10
[20:21:52] [Server thread/INFO]: Player444[local:E:f52df74d] logged in with entity id 43873242 at (-248.5, 69.0, 205.5)
[20:21:52] [Server thread/INFO]: Player444 присоединился к игре
[20:21:57] [Server thread/INFO]: Player444 заработал достижение [Проверить карманы]
[20:21:57] [Client thread/INFO]: [CHAT] Player444 заработал достижение [Проверить карманы]
[20:22:44] [Client thread/INFO]: Warning: Clientside chunk ticking took 126 ms
[20:23:05] [Client thread/INFO]: Warning: Clientside chunk ticking took 230 ms
[20:23:13] [Client thread/INFO]: Warning: Clientside chunk ticking took 182 ms
[20:23:15] [Client thread/INFO]: Warning: Clientside chunk ticking took 184 ms
[20:23:16] [Client thread/INFO]: Warning: Clientside chunk ticking took 159 ms
[20:23:19] [Client thread/INFO]: Warning: Clientside chunk ticking took 102 ms
[20:23:22] [Client thread/INFO]: Warning: Clientside chunk ticking took 147 ms
[20:29:44] [Server thread/INFO]: [Player444: Дано [Красная пыль] * 63 игроку Player444]
[20:29:44] [Client thread/INFO]: [CHAT] Дано [Красная пыль] * 63 игроку Player444
[20:54:44] [Client thread/INFO]: Warning: Clientside chunk ticking took 238 ms
[20:54:45] [Client thread/INFO]: Warning: Clientside chunk ticking took 229 ms
[20:54:49] [Client thread/INFO]: Warning: Clientside chunk ticking took 189 ms
[20:54:54] [Client thread/INFO]: Warning: Clientside chunk ticking took 226 ms
[20:55:09] [Client thread/INFO]: Warning: Clientside chunk ticking took 205 ms
[20:55:36] [Client thread/INFO]: Warning: Clientside chunk ticking took 263 ms
[20:55:57] [Client thread/INFO]: Warning: Clientside chunk ticking took 158 ms
[20:56:29] [Client thread/INFO]: Warning: Clientside chunk ticking took 173 ms
[20:57:46] [Client thread/INFO]: Warning: Clientside chunk ticking took 234 ms
[20:58:35] [Client thread/INFO]: Warning: Clientside chunk ticking took 208 ms
[20:59:07] [Server thread/INFO]: Player444 заработал достижение [Фальшивый облик]
[20:59:07] [Client thread/INFO]: [CHAT] Player444 заработал достижение [Фальшивый облик]
[20:59:26] [Client thread/INFO]: Warning: Clientside chunk ticking took 227 ms
[21:00:08] [Server thread/INFO]: Player444 заработал достижение [Доступ к личному богатсву]
[21:00:08] [Client thread/INFO]: [CHAT] Player444 заработал достижение [Доступ к личному богатсву]
[21:01:59] [Client thread/INFO]: Warning: Clientside chunk ticking took 239 ms
[21:04:54] [Server thread/INFO]: Saving and pausing game...
[21:04:54] [Server thread/INFO]: Saving chunks for level 'Новый мир'/Overworld
[21:04:54] [Server thread/INFO]: Saving chunks for level 'Новый мир'/Nether
[21:04:54] [Server thread/INFO]: Saving chunks for level 'Новый мир'/The End
[21:04:54] [Server thread/INFO]: Saving chunks for level 'Новый мир'/The Outer Lands
[21:05:11] [Client thread/INFO]: Warning: Clientside chunk ticking took 141 ms
[21:10:16] [main/INFO]: Setting user: Player409
[21:10:27] [main/INFO]: Setting user: Player873
[21:10[21:10:46] [Client thread/INFO]: Reloading Resour[21:11:07] [Client thread/INFO]: Reloading ResourceManager: Default, FMLFileResourcePack:Forge Mod Loade[21:11:24] [Client thread/INFO]: Reloading ResourceManager: Default, FMLFileResourcePack:Forge Mod Loader, FMLFileResourcePack:Minecraft Forge, FMLFileResourcePack:Not Enough Items, FMLFileResourcePack:Advanced Botany, FMLFileResourcePack:B[21:11:27] [Sound Library Loader/INFO]: Sound engine st[21:11:37] [Client thread/INFO]: Reloading Resour[21:11:49] [Client thread/INFO]: Reloading ResourceManager: Default, FMLFileResourcePack:Forge Mod Loader, FMLFileResourcePack:Minecraft Forge, FMLFileResourcePack:Not Enough Items, FMLFileResourcePack:A[21:11:52] [Client thread/INFO]: Reloading ResourceManager: Default, FMLFileResourcePack:For[21:11:54] [Sound Library Loader/INFO]: Sound eng[21:12:04] [Sound Library Loader/INFO]: Sound engine started
[21:12:07] [Client thread/INFO]: Created: 16x16 textures/blocks-atlas
[21:12:07] [Client thread/INFO]: Created: 16x16 textures/items-atlas
[21:12:12] [Client thread/INFO]: Reloading ResourceManag[21:12:13] [Client thread/INFO]: Stopping!
oader[21:12:14] [Client thread/INFO]: Stopping!
leResourcePack:Not Enough Items, FMLFileResourcePack:Advance[21:12:16] [Client thread/INFO]: Stopping!
leResourcePack:Botania, FMLFileResourcePack:Thaumcraft, FMLFileResourcePack:MineTweaker 3
[21:12:14] [Client thread/INFO]: Created: 1024x512 textures/blocks-atlas
[21:12:15] [Client thread/INFO]: Created: 1024x512 textures/items-atlas
[21:12:16] [S[21:12:18] [Client thread/INFO]: Stopping!
ted
[21:12:21] [Client thread/INFO]: Stopping!
