[23:57:12] [main/INFO]: Setting user: Player191
[23:57:14] [Client thread/INFO]: LWJGL Version: 2.9.1
[23:57:24] [Client thread/INFO]: Reloading ResourceManager: Default, FMLFileResourcePack:Forge Mod Loader, FMLFileResourcePack:Minecraft Forge, FMLFileResourcePack:Not Enough Items, FMLFileResourcePack:Advanced Botany, FMLFileResourcePack:Baubles, FMLFileResourcePack:Botania, FMLFileResourcePack:Thaumcraft, FMLFileResourcePack:MineTweaker 3, FMLFileResourcePack:Mod Tweaker 2
[23:57:29] [Sound Library Loader/INFO]: Sound engine started
[23:57:30] [Client thread/INFO]: Created: 16x16 textures/blocks-atlas
[23:57:30] [Client thread/INFO]: Created: 16x16 textures/items-atlas
[23:57:31] [Client thread/INFO]: Reloading ResourceManager: Default, FMLFileResourcePack:Forge Mod Loader, FMLFileResourcePack:Minecraft Forge, FMLFileResourcePack:Not Enough Items, FMLFileResourcePack:Advanced Botany, FMLFileResourcePack:Baubles, FMLFileResourcePack:Botania, FMLFileResourcePack:Thaumcraft, FMLFileResourcePack:MineTweaker 3, FMLFileResourcePack:Mod Tweaker 2
[23:57:32] [Client thread/INFO]: Created: 1024x512 textures/blocks-atlas
[23:57:33] [Client thread/INFO]: Created: 1024x512 textures/items-atlas
[23:57:34] [Sound Library Loader/INFO]: Sound engine started
[23:57:38] [Server thread/INFO]: Starting integrated minecraft server version 1.7.10
[23:57:38] [Server thread/INFO]: Generating keypair
[23:57:39] [Server thread/INFO]: Preparing start region for level 0
[23:57:40] [Server thread/INFO]: Changing view distance to 3, from 10
[23:57:40] [Server thread/INFO]: Player191[local:E:79aa7e38] logged in with entity id 379 at (-649.1981928704357, 4.0, -388.33261473025857)
[23:57:40] [Server thread/INFO]: Player191 joined the game
[23:58:14] [Client thread/INFO]: [CHAT] Scripts reloaded
[23:58:44] [Server thread/INFO]: Player191 has just earned the achievement [Taking Inventory]
[23:58:44] [Client thread/INFO]: [CHAT] Player191 has just earned the achievement [Taking Inventory]
[23:58:53] [Client thread/INFO]: [CHAT] <AdvancedBotany:itemABResource>
[23:59:09] [Client thread/INFO]: [CHAT] Scripts reloaded
