[19:58:03] [main/INFO]: Setting user: Player51
[19:58:05] [Client thread/INFO]: LWJGL Version: 2.9.1
[19:58:15] [Client thread/INFO]: Reloading ResourceManager: Default, FMLFileResourcePack:Forge Mod Loader, FMLFileResourcePack:Minecraft Forge, FMLFileResourcePack:Not Enough Items, FMLFileResourcePack:Advanced Botany, FMLFileResourcePack:Baubles, FMLFileResourcePack:Botania, FMLFileResourcePack:Thaumcraft, FMLFileResourcePack:MineTweaker 3
[19:58:21] [Sound Library Loader/INFO]: Sound engine started
[19:58:22] [Client thread/INFO]: Created: 16x16 textures/blocks-atlas
[19:58:22] [Client thread/INFO]: Created: 16x16 textures/items-atlas
[19:58:23] [Client thread/INFO]: Reloading ResourceManager: Default, FMLFileResourcePack:Forge Mod Loader, FMLFileResourcePack:Minecraft Forge, FMLFileResourcePack:Not Enough Items, FMLFileResourcePack:Advanced Botany, FMLFileResourcePack:Baubles, FMLFileResourcePack:Botania, FMLFileResourcePack:Thaumcraft, FMLFileResourcePack:MineTweaker 3
[19:58:25] [Client thread/INFO]: Created: 1024x512 textures/blocks-atlas
[19:58:25] [Client thread/INFO]: Created: 1024x512 textures/items-atlas
[19:58:26] [Sound Library Loader/INFO]: Sound engine started
[19:58:30] [Server thread/INFO]: Starting integrated minecraft server version 1.7.10
[19:58:30] [Server thread/INFO]: Generating keypair
[19:58:30] [Server thread/INFO]: Preparing start region for level 0
[19:58:31] [Server thread/INFO]: Changing view distance to 4, from 10
[19:58:32] [Server thread/INFO]: Player51[local:E:f341002d] logged in with entity id 377 at (393.66000059830463, 68.0, 67.81151502458094)
[19:58:32] [Server thread/INFO]: Player51 присоединился к игре
[19:58:40] [Server thread/INFO]: Player51 заработал достижение [Проверить карманы]
[19:58:40] [Client thread/INFO]: [CHAT] Player51 заработал достижение [Проверить карманы]
[20:14:03] [Server thread/INFO]: [Player51: Дано [Миникартофель] * 63 игроку Player51]
[20:14:03] [Client thread/INFO]: [CHAT] Дано [Миникартофель] * 63 игроку Player51
[20:14:49] [Server thread/INFO]: [Player51: Дано [Миникартофель] * 63 игроку Player51]
[20:14:49] [Client thread/INFO]: [CHAT] Дано [Миникартофель] * 63 игроку Player51
:Baubles, FMLFileResourcePack:Botania, FMLFileResourcePack:Thaumcraft, FMLFileResourcePack:MineTweaker 3
[20:01:19] [Sound Library Loader/INFO]: Sound engine started
[20:01:21] [Client thread/INFO]: Created: [20:01:28] [Client thread/INFO]: Reloading ResourceManager: Default, FMLFileResourcePack:Forge Mod Loader, FMLFileResourcePack:Minecraft Forge, FMLFileResourcePack:Not Enough Items, FMLFileResourcePack:Advanced Botany, FMLFileResourcePack:Baubles, FMLFileResourcePack:Botania, FMLFileResourcePack:Thaumcraft, FMLFileResourcePack:MineTweaker 3
[20:01:38] [Sound Library Loader/INFO]: Sound engine started
[20:01:40] [Client thread/INFO]: Created: 16x16 textures/blocks-atlas
[20:01:40] [Client thread/INFO]: Created: 16x16 textures/items-atlas
[20:01:42] [Client thread/INFO]: Reloading ResourceManager: Default, FMLFileResourcePack:Forge Mod Loader, FMLFileResourcePack:Minecraft Forge, FMLFileResourcePack:Not Enough Items, FMLFileResourcePack:Advanced Botany, FMLFileResourcePack:Baubles, FMLFileResourcePack:Botania, FMLFileResourcePack:Thaumcraft, FMLFileResourcePack:MineTweaker 3
[20:01:44] [Client thread/INFO]: Created: 1024x512 textures/blocks-atlas
[20:01:45] [Client thread/INFO]: Created: 1024x512 textures/items-atlas
[20:01:45] [Sound Library Loader/INFO]: Sound engine started
[20:01:48] [Client thread/INFO]: Stopping!
[20:04:40] [main/INFO]: Setting user: Player284
[20:04:43] [Client thread/INFO]: LWJGL Version: 2.9.1
[20:04:56] [Client thread/INFO]: Reloading ResourceManager: Default, FMLFileResourcePack:Forge Mod Loader, FMLFileResourcePack:Minecraft Forge, FMLFileResourcePack:Not Enough Items, FMLFileResourcePack:Advanced Botany, FMLFileResourcePack:Baubles, FMLFileResourcePack:Botania, FMLFileResourcePack:Thaumcraft, FMLFileResourcePack:MineTweaker 3
[20:05:04] [Sound Library Loader/INFO]: Sound engine started
[20:05:06] [Client thread/INFO]: Created: 16x16 textures/blocks-atlas
[20:05:06] [Client thread/INFO]: Created: 16x16 textures/items-atlas
[20:05:08] [Client thread/INFO]: Reloading ResourceManager: Default, FMLFileResourcePack:Forge Mod Loader, FMLFileResourcePack:Minecraft Forge, FMLFileResourcePack:Not Enough Items, FMLFileResourcePack:Advanced Botany, FMLFileResourcePack:Baubles, FMLFileResourcePack:Botania, FMLFileResourcePack:Thaumcraft, FMLFileResourcePack:MineTweaker 3
[20:05:10] [Client thread/INFO]: Created: 1024x512 textures/blocks-atlas
[20:05:10] [Client thread/INFO]: Created: 1024x512 textures/items-atlas
[20:05:11] [Sound Library Loader/INFO]: Sound engine started
[20:06:33] [Client thread/INFO]: Stopping!
960
[20:05:52] [Client thread/INFO]: LWJGL Version: 2.9.1
[20:06:09] [Client thread/INFO]: Reloading ResourceManager: Default, FMLFileResourcePack:Forge Mod Loader, FMLFileResourcePack:Minecraft Forge, FMLFileResourcePack:Not Enough Items, FMLFileResourcePack:Advanced Botany, FMLFileResourcePack:Baubles, FMLFileResourcePack:Botania, FMLFileResourcePack:Thaumcraft, FMLFileResourcePack:MineTweaker 3
[20:06:19] [Sound Library Loader/INFO]: Sound engine started
[20:06:21] [Client thread/INFO]: Created: 16x16 textures/blocks-atlas
[20:06:21] [Client thread/INFO]: Created: 16x16 textures/items-atlas
[20:06:23] [Client thread/INFO]: Reloading ResourceManager: Default, FMLFileResourcePack:Forge Mod Loader, FMLFileResourcePack:Minecraft Forge, FMLFileResourcePack:Not Enough Items, FMLFileResourcePack:Advanced Botany, FMLFileResourcePack:Baubles, FMLFileResourcePack:Botania, FMLFileResourcePack:Thaumcraft, FMLFileResourcePack:MineTweaker 3
[20:06:25] [Client thread/INFO]: Created: 1024x512 textures/blocks-atlas
[20:06:26] [Client thread/INFO]: Created: 1024x512 textures/items-atlas
[20:06:26] [Sound Library Loader/INFO]: Sound engine started
[20:09:07] [Client thread/INFO]: Stopping!
474
[20:06:49] [Client thread/INFO]: LWJGL Version: 2.9.1
[20:07:05] [Client thread/INFO]: Reloading ResourceManager: Default, FMLFileResourcePack:Forge Mod Loader, FMLFileResourcePack:Minecraft Forge, FMLFileResourcePack:Not Enough Items, FMLFileResourcePack:Advanced Botany, FMLFileResourcePack:Baubles, FMLFileResourcePack:Botania, FMLFileResourcePack:Thaumcraft, FMLFileResourcePack:MineTweaker 3
[20:07:13] [Sound Library Loader/INFO]: Sound engine started
[20:07:15] [Client thread/INFO]: Created: 16x16 textures/blocks-atlas
[20:07:15] [Client thread/INFO]: Created: 16x16 textures/items-atlas
[20:07:17] [Client thread/INFO]: Reloading ResourceManager: Default, FMLFileResourcePack:Forge Mod Loader, FMLFileResourcePack:Minecraft Forge, FMLFileResourcePack:Not Enough Items, FMLFileResourcePack:Advanced Botany, FMLFileResourcePack:Baubles, FMLFileResourcePack:Botania, FMLFileResourcePack:Thaumcraft, FMLFileResourcePack:MineTweaker 3
[20:07:19] [Client thread/INFO]: Created: 1024x512 textures/blocks-atlas
[20:07:20] [Client thread/INFO]: Created: 1024x512 textures/items-atlas
[20:07:20] [Sound Library Loader/INFO]: Sound engine started
[20:09:17] [Client thread/INFO]: Stopping!
912
[20:08:00] [Client thread/INFO]: LWJGL Version: 2.9.1
[20:08:17] [Client thread/INFO]: Reloading ResourceManager: Default, FMLFileResourcePack:Forge Mod Loader, FMLFileResourcePack:Minecraft Forge, FMLFileResourcePack:Not Enough Items, FMLFileResourcePack:Advanced Botany, FMLFileResourcePack:Baubles, FMLFileResourcePack:Botania, FMLFileResourcePack:Thaumcraft, FMLFileResourcePack:MineTweaker 3
[20:08:31] [Sound Library Loader/INFO]: Sound engine started
[20:08:35] [Client thread/INFO]: Created: [20:08:51] [Client thread/INFO]: Reloading ResourceManager: Default, FMLFileResourcePack:Forge Mod Loader, FMLFileResourcePack:Minecraft Forge, FMLFileResourcePack:Not Enough Items, FMLFileResourcePack:Advanced Botany, FMLFileResourcePack:Baubles, FMLFileResourcePack:Botania, FMLFileResourcePack:Thaumcraft, FMLFileResourcePack:MineTweaker 3
[20:09:01] [Sound Library Loader/INFO]: Sound engine started
[20:09:04] [Client thread/INFO]: Created: 16x16 textures/blocks-atlas
[20:09:04] [Client thread/INFO]: Created: 16x16 textures/items-atlas
[20:09:08] [Client thread/INFO]: Reloading ResourceManager: Default, FMLFileResourcePack:Forge Mod Loader[20:09:09] [Client thread/INFO]: Stopping!
leResourcePack:Not Enough Items, FMLFileResourcePack:Advanced Botany, FMLFileResourcePack:Baubles, FMLFileResourcePack:Botania, FMLFileResourcePack:Thaumcraft, FMLFileResourcePack:MineTweaker 3
[20:09:10] [Client thread/INFO]: Created: 1024x512 textures/blocks-atlas
[20:09:11] [Client thread/INFO]: Created: 1024x512 textures/items-atlas
[20:09:11] [Sound Library Loader/INFO]: Sound engine started
[20:11:23] [Client thread/INFO]: Stopping!
986
[20:09:32] [Client thread/INFO]: LWJGL Version: 2.9.1
[20:09:46] [Client thread/INFO]: Reloading ResourceManager: Default, FMLFileResourcePack:Forge Mod Loader, FMLFileResourcePack:Minecraft Forge, FMLFileResourcePack:Not Enough Items, FMLFileResourcePack:Advanced Botany, FMLFileResourcePack:Baubles, FMLFileResourcePack:Botania, FMLFileResourcePack:Thaumcraft, FMLFileResourcePack:MineTweaker 3
[20:09:56] [Sound Library Loader/INFO]: Sound engine started
[20:09:59] [Client thread/INFO]: Created: 16x16 textures/blocks-atlas
[20:09:59] [Client thread/INFO]: Created: 16x16 textures/items-atlas
[20:10:01] [Client thread/INFO]: Reloading ResourceManager: Default, FMLFileResourcePack:Forge Mod Loader, FMLFileResourcePack:Minecraft Forge, FMLFileResourcePack:Not Enough Items, FMLFileResourcePack:Advanced Botany, FMLFileResourcePack:Baubles, FMLFileResourcePack:Botania, FMLFileResourcePack:Thaumcraft, FMLFileResourcePack:MineTweaker 3
[20:10:03] [Client thread/INFO]: Created: 1024x512 textures/blocks-atlas
[20:10:04] [Client thread/INFO]: Created: 1024x512 textures/items-atlas
[20:10:05] [Sound Library Loader/INFO]: Sound engine started
[20:11:22] [Client thread/INFO]: Stopping!
217
[20:10:55] [Client thread/INFO]: LWJGL Version: 2.9.1
[20:11:11] [Client thread/INFO]: Reloading ResourceManager: Default, FMLFileResourcePack:Forge Mod Loader, FMLFileResourcePack:Minecraft Forge, FMLFileResourcePack:Not Enough Items, FMLFileResourcePack:Advanced Botany, FMLFileResourcePack:Baubles, FMLFileResourcePack:Botania, FMLFileResourcePack:Thaumcraft, FMLFileResourcePack:MineTweaker 3
[20:11:20] [Sound Library Loader/INFO]: Sound engine started
[20:11:32] [main/INFO]: Setting user: Player548
[20:11:35] [Client thread/INFO]: LWJGL Version: 2.9.1
[20:11:52] [Client thread/INFO]: Reloading ResourceManager: Default, FMLFileResourcePack:Forge Mod Loader, FMLFileResourcePack:Minecraft Forge, FMLFileResourcePack:Not Enough Items, FMLFileResourcePack:Advanced Botany, FMLFileResourcePack:Baubles, FMLFileResourcePack:Botania, FMLFileResourcePack:Thaumcraft, FMLFileResourcePack:MineTweaker 3
[20:12:02] [Sound Library Loader/INFO]: Sound engine started
[20:12:05] [Client thread/INFO]: Created: 16x16 textures/blocks-atlas
[20:12:05] [Client thread/INFO]: Created: 16x16 textures/items-atlas
[20:12:08] [Client thread/INFO]: Reloading [20:13:49] [Client thread/INFO]: Stopping!
k:Forge Mod Loader, FMLFileResourcePack:Minecraft Forge, FMLFileResourcePack:Not Enough Items, FMLFileResourcePack:Advanced Botany, FMLFileResourcePack:Baubles, FMLFileResourcePack:Botania, FMLFileResourcePack:Thaumcraft, FMLFileResourcePack:MineTweaker 3
[20:12:11] [Client thread/INFO]: Created: 1024x512 textures/blocks-atlas
[20:12:12] [Client thread/INFO]: Created: 1024x512 textures/items-atlas
[20:12:13] [Sound Library Loader/INFO]: Sound engine started
[20:13:47] [Client thread/INFO]: Stopping!
[20:22:52] [main/INFO]: Setting user: Player298
[20:22:55] [Client thread/INFO]: LWJGL Version: 2.9.1
[20:23:09] [Client thread/INFO]: Reloading ResourceManager: Default, FMLFileResourcePack:Forge Mod Loader, FMLFileResourcePack:Minecraft Forge, FMLFileResourcePack:Not Enough Items, FMLFileResourcePack:Advanced Botany, FMLFileResourcePack:Baubles, FMLFileResourcePack:Botania, FMLFileResourcePack:Thaumcraft, FMLFileResourcePack:MineTweaker 3
[20:23:16] [Sound Library Loader/INFO]: Sound engine started
[20:23:18] [Client thread/INFO]: Created: 16x16 textures/blocks-atlas
[20:23:18] [Client thread/INFO]: Created: 16x16 textures/items-atlas
[20:23:21] [Client thread/INFO]: Reloading ResourceManager: Default, FMLFileResourcePack:Forge Mod Loader, FMLFileResourcePack:Minecraft Forge, FMLFileResourcePack:Not Enough Items, FMLFileResourcePack:Advanced Botany, FMLFileResourcePack:Baubles, FMLFileResourcePack:Botania, FMLFileResourcePack:Thaumcraft, FMLFileResourcePack:MineTweaker 3
[20:23:22] [Client thread/INFO]: Created: 1024x512 textures/blocks-atlas
[20:23:23] [Client thread/INFO]: Created: 1024x512 textures/items-atlas
[20:23:24] [Sound Library Loader/INFO]: Sound engine started
[20:24:56] [main/INFO]: Setting user: Player406
[20:25:00] [Client thread/INFO]: LWJGL Version: 2.9.1
[20:25:13] [Client thread/INFO]: Reloading ResourceManager: Default, FMLFileResourcePack:Forge Mod Loader, FMLFileResourcePack:Minecraft Forge, FMLFileResourcePack:Not Enough Items, FMLFileResourcePack:Advanced Botany, FMLFileResourcePack:Baubles, FMLFileResourcePack:Botania, FMLFileResourcePack:Thaumcraft, FMLFileResourcePack:MineTweaker 3
[20:25:21] [Sound Library Loader/INFO]: Sound engine started
[20:25:23] [Client thread/INFO]: Created: 16x16 textures/blocks-atlas
[20:25:23] [Client thread/INFO]: Created: 16x16 textures/items-atlas
[20:25:25] [Client thread/INFO]: Reloading ResourceManager: Default, FMLFileResourcePack:Forge Mod Loader, FMLFileResourcePack:Minecraft Forge, FMLFileResourcePack:Not Enough Items, FMLFileResourcePack:Advanced Botany, FMLFileResourcePack:Baubles, FMLFileResourcePack:Botania, FMLFileResourcePack:Thaumcraft, FMLFileResourcePack:MineTweaker 3
[20:25:27] [Client thread/INFO]: Created: 1024x512 textures/blocks-atlas
[20:25:28] [Client thread/INFO]: Created: 1024x512 textures/items-atlas
[20:25:29] [Sound Library Loader/INFO]: Sound engine started
[20:26:25] [main/INFO]: Setting user: Player775
[20:26:28] [Client thread/INFO]: LWJGL Version: 2.9.1
[20:26:44] [Client thread/INFO]: Reloading ResourceManager: Default, FMLFileResourcePack:Forge Mod Loader, FMLFileResourcePack:Minecraft Forge, FMLFileResourcePack:Not Enough Items, FMLFileResourcePack:Advanced Botany, FMLFileResourcePack:Baubles, FMLFileResourcePack:Botania, FMLFileResourcePack:Thaumcraft, FMLFileResourcePack:MineTweaker 3
[20:26:54] [Sound Library Loader/INFO]: Sound engine started
[20:26:57] [Client thread/INFO]: Created: 16x16 textures/blocks-atlas
[20:26:57] [Client thread/INFO]: Created: 16x16 textures/items-atlas
[20:27:00] [Client thread/INFO]: Reloading ResourceManager: Default, FMLFileResourcePack:Forge Mod Loader, FMLFileResourcePack:Minecraft Forge, FMLFileResourcePack:Not Enough Items, FMLFileResourcePack:Advanced Botany, FMLFileResourcePack:Baubles, FMLFileResourcePack:Botania, FMLFileResourcePack:Thaumcraft, FMLFileResourcePack:MineTweaker 3
[20:27:02] [Client thread/INFO]: Created: 1024x512 textures/blocks-atlas
[20:27:03] [Client thread/INFO]: Created: 1024x512 textures/items-atlas
[20:27:04] [Sound Library Loader/INFO]: Sound engine started
