[18:14:47] [main/INFO]: Setting user: Player550
[18:14:49] [Client thread/INFO]: LWJGL Version: 2.9.1
[18:14:57] [Client thread/INFO]: Reloading ResourceManager: Default, FMLFileResourcePack:Forge Mod Loader, FMLFileResourcePack:Minecraft Forge, FMLFileResourcePack:Not Enough Items, FMLFileResourcePack:Advanced Botany, FMLFileResourcePack:Baubles, FMLFileResourcePack:Botania, FMLFileResourcePack:Thaumcraft, FMLFileResourcePack:MineTweaker 3
[18:15:02] [Sound Library Loader/INFO]: Sound engine started
[18:15:03] [Client thread/INFO]: Created: 16x16 textures/blocks-atlas
[18:15:03] [Client thread/INFO]: Created: 16x16 textures/items-atlas
[18:15:04] [Client thread/INFO]: Reloading ResourceManager: Default, FMLFileResourcePack:Forge Mod Loader, FMLFileResourcePack:Minecraft Forge, FMLFileResourcePack:Not Enough Items, FMLFileResourcePack:Advanced Botany, FMLFileResourcePack:Baubles, FMLFileResourcePack:Botania, FMLFileResourcePack:Thaumcraft, FMLFileResourcePack:MineTweaker 3
[18:15:05] [Client thread/INFO]: Created: 1024x512 textures/blocks-atlas
[18:15:06] [Client thread/INFO]: Created: 1024x512 textures/items-atlas
[18:15:06] [Sound Library Loader/INFO]: Sound engine started
[18:15:13] [Server thread/INFO]: Starting integrated minecraft server version 1.7.10
[18:15:13] [Server thread/INFO]: Generating keypair
[18:15:13] [Server thread/INFO]: Preparing start region for level 0
[18:15:14] [Server thread/INFO]: Changing view distance to 4, from 10
[18:15:14] [Server thread/INFO]: Player550[local:E:6fefcd13] logged in with entity id 271 at (-733.5727578530636, 4.0, -364.2173973283373)
[18:15:14] [Server thread/INFO]: Player550 присоединился к игре
[18:15:29] [Server thread/INFO]: Player550 заработал достижение [Проверить карманы]
[18:15:30] [Client thread/INFO]: [CHAT] Player550 заработал достижение [Проверить карманы]
[18:16:35] [main/INFO]: Setting user: Player131
[18:16:37] [Client thread/INFO]: LWJGL Version: 2.9.1
[18:16:49] [Client thread/INFO]: Reloading ResourceManager: Default, FMLFileResourcePack:Forge Mod Loader, FMLFileResourcePack:Minecraft Forge, FMLFileResourcePack:Not Enough Items, FMLFileResourcePack:Advanced Botany, FMLFileResourcePack:Baubles, FMLFileResourcePack:Botania, FMLFileResourcePack:Thaumcraft, FMLFileResourcePack:MineTweaker 3
[18:16:58] [Sound Library Loader/INFO]: Sound eng[18:17:01] [Client thread/INFO]: LWJGL Version: 2.9.1
[18:17:14] [Client thread/INFO]: Reloading ResourceManager: Default, FMLFileResourcePack:Forge Mod Loader, FMLFileResourcePack:Minecraft Forge, FMLFileResourcePack:Not Enough Items, FMLFileResourcePack:Advanced Botany, FMLFileResourcePack:Baubles, FMLFileResourcePack:Botania, FMLFileResourcePack:Thaumcraft, FMLFileResourcePack:MineTweaker 3
[18:17:21] [Sound Library Loader/INFO]: Sound engine started
[18:17:22] [Client thread/INFO]: Created: 16x16 textures/blocks-atlas
[18:17:22] [Client thread/INFO]: Created: 16x16 textures/items-atlas
[18:17:24] [Client thread/INFO]: Reloading ResourceManager: Default, FMLFileResourcePack:Forge Mod Loader, FMLFileResourcePack:Minecraft Forge, FMLFileResourcePack:Not Enough Items, FMLFileResourcePack:Advanced Botany, FMLFileResourcePack:Baubles, FMLFileResourcePack:Botania, FMLFileResourcePack:Thaumcraft, FMLFileResourcePack:MineTweaker 3
[18:17:26] [Client thread/INFO]: Created: 1024x512 textures/blocks-atlas
[18:17:26] [Client thread/INFO]: Created: 1024x512 textures/items-atlas
[18:17:27] [Sound Library Loader/INFO]: Sound engine started
[18:17:37] [main/INFO]: Setting user: Player903
[18:17:40] [Client thread/INFO]: LWJGL Version: 2.9.1
[18:17:56] [Client thread/INFO]: Reloading Resour[18:17:58] [Client thread/INFO]: LWJGL Version: 2.9.1
[18:18:13] [Client thread/INFO]: Reloading ResourceManager: Default, FMLFileResourcePack:Forge Mod Loader, FMLFileResourcePack:Minecraft Forge, FMLFileResourcePack:Not Enough Items, FMLFileResourcePack:Advanced Botany, FMLFileResourcePack:Baubles, FMLFileResourcePack:Botania, FMLFileResourcePack:Thaumcraft, FMLFileResourcePack:MineTweaker 3
[18:18:23] [Sound Library Loader/INFO]: Sound engine started
Created: 16x16 textures/items-atlas
[18:18:11] [Client thread/INFO]: Reloading ResourceManager: Default, FMLFileResourcePack:Forge Mod Loader, FMLFileResourcePack:Minecraft Forge, FMLFileResourcePack:Not Enough Items, FMLFileResourcePack:Advanced Botany, FMLFileResourcePack:Baubles, FMLFileResourcePack:Botania, FMLFileResourcePack:Thaumcraft, FMLFileResourcePack:MineTweaker 3
[18:18:12] [Client thread/INFO]: Created: 1024x512 textures/blocks-atlas
[18:18:13] [Client thread/INFO]: Created: 1024x512 textures/items-atlas
[18:18:14] [Sound Library Loader/INFO]: Sound engine started
