[23:20:04] [main/INFO]: Setting user: Player166
[23:20:05] [Client thread/INFO]: LWJGL Version: 2.9.1
[23:20:15] [Client thread/INFO]: Reloading ResourceManager: Default, FMLFileResourcePack:Forge Mod Loader, FMLFileResourcePack:Minecraft Forge, FMLFileResourcePack:Not Enough Items, FMLFileResourcePack:Advanced Botany, FMLFileResourcePack:Baubles, FMLFileResourcePack:Botania, FMLFileResourcePack:Thaumcraft, FMLFileResourcePack:MineTweaker 3
[23:20:20] [Sound Library Loader/INFO]: Sound engine started
[23:20:22] [Client thread/INFO]: Created: 16x16 textures/blocks-atlas
[23:20:22] [Client thread/INFO]: Created: 16x16 textures/items-atlas
[23:20:23] [Client thread/INFO]: Reloading ResourceManager: Default, FMLFileResourcePack:Forge Mod Loader, FMLFileResourcePack:Minecraft Forge, FMLFileResourcePack:Not Enough Items, FMLFileResourcePack:Advanced Botany, FMLFileResourcePack:Baubles, FMLFileResourcePack:Botania, FMLFileResourcePack:Thaumcraft, FMLFileResourcePack:MineTweaker 3
[23:20:24] [Client thread/INFO]: Created: 1024x512 textures/blocks-atlas
[23:20:25] [Client thread/INFO]: Created: 1024x512 textures/items-atlas
[23:20:26] [Sound Library Loader/INFO]: Sound engine started
[23:20:31] [Server thread/INFO]: Starting integrated minecraft server version 1.7.10
[23:20:31] [Server thread/INFO]: Generating keypair
[23:20:32] [Server thread/INFO]: Preparing start region for level 0
[23:20:32] [Server thread/INFO]: Changing view distance to 3, from 10
[23:20:33] [Server thread/INFO]: Player166[local:E:6668ebe3] logged in with entity id 254 at (-205.86865136692504, 4.0, -10.870780073975432)
[23:20:33] [Server thread/INFO]: Player166 joined the game
[23:20:37] [Server thread/INFO]: Saving and pausing game...
[23:20:37] [Server thread/INFO]: Saving chunks for level 'New World'/Overworld
[23:20:37] [Server thread/INFO]: Saving chunks for level 'New World'/Nether
[23:20:37] [Server thread/INFO]: Saving chunks for level 'New World'/The End
[23:20:37] [Server thread/INFO]: Saving chunks for level 'New World'/The Outer Lands
[23:20:52] [Server thread/INFO]: Player166 has just earned the achievement [Taking Inventory]
[23:20:52] [Client thread/INFO]: [CHAT] Player166 has just earned the achievement [Taking Inventory]
[23:43:05] [Client thread/INFO]: Stopping!
[23:43:05] [Server thread/INFO]: Stopping server
[23:43:05] [Server thread/INFO]: Saving players
[23:43:05] [Server thread/INFO]: Saving worlds
[23:43:05] [Server thread/INFO]: Saving chunks for level 'New World'/Overworld
[23:43:05] [Server thread/INFO]: Saving chunks for level 'New World'/Nether
[23:43:05] [Server thread/INFO]: Saving chunks for level 'New World'/The End
[23:43:05] [Server thread/INFO]: Saving chunks for level 'New World'/The Outer Lands
[23:43:05] [Client Shutdown Thread/INFO]: Stopping server
[23:43:05] [Client Shutdown Thread/INFO]: Saving players
textures/items-atlas
[23:22:13] [Client thread/INFO]: Reloading ResourceManager: Default, FMLFileResourcePack:Forge Mod Loader, FMLFileResourcePack:Minecraft Forge, FMLFileResourcePack:Not Enough Items, FMLFileResourcePack:Advanced Botany, FMLFileResourcePack:Baubles, FMLFileResourcePack:Botania, FMLFileResourcePack:Thaumcraft, FMLFileResourcePack:MineTweaker 3
[23:22:14] [Client thread/INFO]: Created: 1024x512 textures/blocks-atlas
[23:22:15] [Client thread/INFO]: Created: 1024x512 textures/items-atlas
[23:22:16] [Sound Library Loader/INFO]: Sound engine started
[23:24:00] [Client thread/INFO]: Stopping!
350
[23:22:43] [Client thread/INFO]: LWJGL Version: 2.9.1
[23:22:57] [Client thread/INFO]: Reloading ResourceManager: Default, FMLFileResourcePack:Forge Mod Loader, FMLFileResourcePack:Minecraft Forge, FMLFileResourcePack:Not Enough Items, FMLFileResourcePack:Advanced Botany, FMLFileResourcePack:Baubles, FMLFileResourcePack:Botania, FMLFileResourcePack:Thaumcraft, FMLFileResourcePack:MineTweaker 3
[23:23:06] [Sound Library Loader/INFO]: Sound engine started
[23:23:08] [Client thread/INFO]: Created: 16x16 textures/blocks-atlas
[23:23:08] [Client thread/INFO]: Created: 16x16 textures/items-atlas
[23:23:10] [Client thread/INFO]: Reloading ResourceManager: Default, FMLFileResourcePack:Forge Mod Loader, FMLFileResourcePack:Minecraft Forge, FMLFileResourcePack:Not Enough Items, FMLFileResourcePack:Advanced Botany, FMLFileResourcePack:Baubles, FMLFileResourcePack:Botania, FMLFileResourcePack:Thaumcraft, FMLFileResourcePack:MineTweaker 3
[23:23:12] [Client thread/INFO]: Created: 1024x512 textures/blocks-atlas
[23:23:13] [Client thread/INFO]: Created: 1024x512 textures/items-atlas
[23:23:13] [Sound Library Loader/INFO]: Sound engine started
[23:24:02] [Client thread/INFO]: Stopping!
405
[23:23:39] [Client thread/INFO]: LWJGL Version: 2.9.1
[23:23:54] [Client thread/INFO]: Reloading ResourceManager: Default, FMLFileResourcePack:Forge Mod Loader, FMLFileResourcePack:Minecraft Forge, FMLFileResourcePack:Not Enough Items, FMLFileResourcePack:Advanced Botany, FMLFileResourcePack:Baubles, FMLFileResourcePack:Botania, FMLFileResourcePack:Thaumcraft, FMLFileResourcePack:MineTweaker 3
[23:24:11] [main/INFO]: Setting user: Player999
[23:24:15] [Client thread/INFO]: LWJGL Version: 2.9.1
[23:24:39] [Client thread/INFO]: Reloading ResourceManager: Default, FMLFileResourcePack:Forge Mod Loader, FMLFileResourcePack:Minecraft Forge, FMLFileResourcePack:Not Enough Items, FMLFileResourcePack:Advanced Botany, FMLFileResourcePack:Baubles, FMLFileResourcePack:Botania, FMLFileResourcePack:Thaumcraft, FMLFileResourcePack:MineTweaker 3
[23:24:51] [Sound Library Loader/INFO]: Sound engine started
[23:24:54] [Client thread/INFO]: Created: 16x16 textures/blocks-atlas
[23:24:54] [Client thread/INFO]: Created: 16x16 textures/items-atlas
[23:24:58] [Client thread/INFO]: Reloading ResourceManager: Default, FMLFileResourcePack:Forge Mod Loader[23:25:53] [Client thread/INFO]: Stopping!
leResourcePack:Not Enough Items, FMLFileResourcePack:Advanc[23:24:59] [Client thread/INFO]: Reloading ResourceManager: Default, FMLFileResourcePack:Forge Mod Loader, FMLFileResourcePack:Minecraft[23:25:00] [Client thread/INFO]: Created: 1024x512 textures/blocks-atlas
[23:25:03] [Client thread/INFO]: Created: 1024x512 textures/items-atlas
[23:25:04] [Sound Library Loader/INFO]: Sound engine started[[23:25:52] [Client thread/INFO]: Stopping!
 engine started
[23:25:12] [Client thread/INFO]: Created: 16x16 textures/blocks-atlas
[23:25:12] [Client thread/INFO]: Created: 16x16 textures/items-atlas
[23:25:15] [Client thread/INFO]: Reloading ResourceManager: Default, FMLFileResourcePack:Forge Mod Loader, FMLFileResourcePack:Minecraft Forge, FMLFileResourcePack:Not Enough Items, FMLFileResourcePack:Advanced Botany, FMLFileResourcePack:Baubles, FMLFileResourcePack:Botania, FMLFileResourcePack:Thaumcraft, FMLFileResourcePack:MineTweaker 3
[23:25:17] [Client thread/INFO]: Created: 1024x512 textures/blocks-atlas
[23:25:19] [Client thread/INFO]: Created: 1024x512 textures/items-atlas
[23:25:30] [main/INFO]: Setting user: Player21
gine started
[23:31:46] [Client thread/INFO]: Stopping!
230
[23:26:07] [Client thread/INFO]: LWJGL Version: 2.9.1
[23:26:24] [Client thread/INFO]: Reloading ResourceManager: Default, FMLFileResourcePack:Forge Mod Loader, FMLFileResourcePack:Minecraft Forge, FMLFileResourcePack:Not Enough Items, FMLFileResourcePack:Advanced Botany, FMLFileResourcePack:Baubles, FMLFileResourcePack:Botania, FMLFileResourcePack:Thaumcraft, FMLFileResourcePack:MineTweaker 3
[23:26:34] [Sound Library Loader/INFO]: Sound engine started
[23:26:37] [Client thread/INFO]: Created: 16x16 textures/blocks-atlas
[23:26:37] [Client thread/INFO]: Created: 16x16 textures/items-atlas
[23:26:40] [Client thread/INFO]: Reloading ResourceManager: Default, FMLFileResourcePack:Forge Mod Loader, FMLFileResourcePack:Minecraft Forge, FMLFileResourcePack:Not Enough Items, FMLFileResourcePack:Advanced Botany, FMLFileResourcePack:Baubles, FMLFileResourcePack:Botania, FMLFileResourcePack:Thaumcraft, FMLFileResourcePack:MineTweaker 3
[23:26:42] [Client thread/INFO]: Created: 1024x512 textures/blocks-atlas
[23:26:44] [Client thread/INFO]: Created: 1024x512 textures/items-atlas
[23:26:45] [Sound Library Loader/INFO]: Sound engine started
[23:31:44] [Client thread/INFO]: Stopping!
414
[23:27:45] [Client thread/INFO]: LWJGL Version: 2.9.1
[23:28:02] [Client thread/INFO]: Reloading ResourceManager: Default, FMLFileResourcePack:Forge Mod Loader, FMLFileResourcePack:Minecraft Forge, FMLFileResourcePack:Not Enough Items, FMLFileResourcePack:Advanced Botany, FMLFileResourcePack:Baubles, FMLFileResourcePack:Botania, FMLFileResourcePack:Thaumcraft, FMLFileResourcePack:MineTweaker 3
[23:28:11] [Sound Library Loader/INFO]: Sound engine started
[23:28:13] [Client thread/INFO]: Created: 16x16 textures/blocks-atlas
[23:28:13] [Client thread/INFO]: Created: 16x16 textures/items-atlas
[23:28:16] [Client thread/INFO]: Reloading ResourceManager: Default, FMLFileResourcePack:Forge Mod Loader, FMLFileResourcePack:Minecraft Forge, FMLFileResourcePack:Not Enough Items, FMLFileResourcePack:Advanced Botany, FMLFileResourcePack:Baubles, FMLFileResourcePack:Botania, FMLFileResourcePack:Thaumcraft, FMLFileResourcePack:MineTweaker 3
[23:28:17] [Client thread/INFO]: Created: 1024x512 textures/blocks-atlas
[23:28:18] [Client thread/INFO]: Created: 1024x512 textures/items-atlas
[23:28:19] [Sound Library Loader/INFO]: Sound engine started
[23:31:48] [Client thread/INFO]: Stopping!
81
[23:28:59] [Client thread/INFO]: LWJGL Version: 2.9.1
[23:29:17] [Client thread/INFO]: Reloading ResourceManager: Default, FMLFileResourcePack:Forge Mod Loader, FMLFileResourcePack:Minecraft Forge, FMLFileResourcePack:Not Enough Items, FMLFileResourcePack:Advanced Botany, FMLFileResourcePack:Baubles, FMLFileResourcePack:Botania, FMLFileResourcePack:Thaumcraft, FMLFileResourcePack:MineTweaker 3
[23:29:28] [Sound Library Loader/INFO]: Sound engine started
[23:29:30] [Client thread/INFO]: Created: 16x16 textures/blocks-atlas
[23:29:31] [Client thread/INFO]: Created: 16x16 textures/items-atlas
[23:29:34] [Client thread/INFO]: Reloading ResourceManager: Default, FMLFileResourcePack:Forge Mod Loader, FMLFileResourcePack:Minecraft Forge, FMLFileResourcePack:Not Enough Items, FMLFileResourcePack:Advanced Botany, FMLFileResourcePack:Baubles, FMLFileResourcePack:Botania, FMLFileResourcePack:Thaumcraft, FMLFileResourcePack:MineTweaker 3
[23:29:36] [Client thread/INFO]: Created: 1024x512 textures/blocks-atlas
[23:29:38] [Client thread/INFO]: Created: 1024x512 textures/items-atlas
[23:29:39] [Sound Library Loader/INFO]: Sound engine started
[23:33:06] [Client thread/INFO]: Stopping!
588
[23:32:00] [Client thread/INFO]: LWJGL Version: 2.9.1
[23:32:16] [Client thread/INFO]: Reloading ResourceManager: Default, FMLFileResourcePack:Forge Mod Loader, FMLFileResourcePack:Minecraft Forge, FMLFileResourcePack:Not Enough Items, FMLFileResourcePack:Advanced Botany, FMLFileResourcePack:Baubles, FMLFileResourcePack:Botania, FMLFileResourcePack:Thaumcraft, FMLFileResourcePack:MineTweaker 3
[23:32:25] [Sound Library Loader/INFO]: Sound engine started
[23:32:27] [Client thread/INFO]: Created: 16x16 textures/blocks-atlas
[23:32:27] [Client thread/INFO]: Created: 16x16 textures/items-atlas
[23:32:31] [Client thread/INFO]: Reloading ResourceManager: Default, FMLFileResourcePack:Forge Mod Loader, FMLFileResourcePack:Minecraft Forge, FMLFileResourcePack:Not Enough Items, FMLFileResourcePack:Advanced Botany, FMLFileResourcePack:Baubles, FMLFileResourcePack:Botania, FMLFileResourcePack:Thaumcraft, FMLFileResourcePack:MineTweaker 3
[23:32:33] [Client thread/INFO]: Created: 1024x512 textures/blocks-atlas
[23:32:35] [Client thread/INFO]: Created: 1024x512 textures/items-atlas
[23:32:36] [Sound Library Loader/INFO]: Sound engine started
[23:35:06] [Client thread/INFO]: Stopping!
556
[23:32:46] [Client thread/INFO]: LWJGL Version: 2.9.1
[23:33:03] [Client thread/INFO]: Reloading ResourceManager: Default, FMLFileResourcePack:Forge Mod Loader, FMLFileResourcePack:Minecraft Forge, FMLFileResourcePack:Not Enough Items, FMLFileResourcePack:Advanced Botany, FMLFileResourcePack:Baubles, FMLFileResourcePack:Botania, FMLFileResourcePack:Thaumcraft, FMLFileResourcePack:MineTweaker 3
[23:33:18] [main/INFO]: Setting user: Player200
[23:33:24] [Client thread/INFO]: LWJGL Version: 2.9.1
[23:33:43] [Client thread/INFO]: Reloading ResourceManager: Default, FMLFileResourcePack:Forge Mod Loader, FMLFileResourcePack:Minecraft Forge, FMLFileResourcePack:Not Enough Items, FMLFileResourcePack:Advanced Botany, FMLFileResourcePack:Baubles, FMLFileResourcePack:Botania, FMLFileResourcePack:Thaumcraft, FMLFileResourcePack:MineTweaker 3
[23:33:53] [Sound Library Loader/INFO]: Sound engine started
[23:33:56] [Client thread/INFO]: Created: 16x16 textures/blocks-atlas
[23:33:56] [Client thread/INFO]: Created: 16x16 textures/items-atlas
[23:33:59] [Client thread/INFO]: Reloading ResourceManager: Default, FMLFileResourcePack:Forge Mod Loader[23:37:12] [Client thread/INFO]: Stopping!
leResourcePack:Not Enough Items, FMLFileResourcePack:Advanced Botany, FMLFileResourcePack:Baubles, FMLFileResourcePack:Botania, FMLFileResourcePack:Thaumcraft, FMLFileResourcePack:MineTweaker 3
[23:34:01] [Client thread/INFO]: Created: 1024x512 textures/blocks-atlas
[23:34:03] [Client thread/INFO]: Created: 1024x512 textures/items-atlas
[23:34:04] [Sound Library Loader/INFO]: Sound engine started
[23:37:14] [Client thread/INFO]: Stopping!
806
[23:34:37] [Client thread/INFO]: LWJGL Version: 2.9.1
[23:34:57] [Client thread/INFO]: Reloading ResourceManager: Default, FMLFileResourcePack:Forge Mod Loader, FMLFileResourcePack:Minecraft Forge, FMLFileResourcePack:Not Enough Items, FMLFileResourcePack:Advanced Botany, FMLFileResourcePack:Baubles, FMLFileResourcePack:Botania, FMLFileResourcePack:Thaumcraft, FMLFileResourcePack:MineTweaker 3
[23:35:16] [Sound Library Loader/INFO]: Sound eng[23:35:23] [main/INFO]: Setting user: Player285
[23:35[23:35:41] [Client thread/INFO]: Reloading Resour[23:35:51] [Client thread/INFO]: Reloading ResourceManager: Default, FMLFileResourcePack:Forge Mod Loader, FMLFileResourcePack:Minecraft Forge, FMLFileResourcePack:Not Enough Items, FMLFileResourcePack:Advanced Botany, FMLFileResourcePack:Baubles, FMLFileResourcePack:Botania, FMLFileResourcePac[23:35:53] [Sound Library Loader/INFO]: Sound eng[23:36:03] [Sound Library Loader/INFO]: Sound engine started
[23:36:06] [Client thread/INFO]: Created: 16x16 textures/blocks-atlas
[23:36:06] [Client thread/INFO]: Created: 16x16 textures/items-atlas
[23:36:09] [Client thread/INFO]: Reloading ResourceManag[23:37:15] [Client thread/INFO]: Stopping!
oader, FMLFileResourcePack:Minecraft Forge, FMLFileResourcePack:Not Enough Items, FMLFileResourcePack:Advanced Botany, FMLFileResourcePack:Baubles, FMLFileResourcePack:Botania, FMLFileResourcePack:Thaumcraft, FMLFileResourcePack:MineTweaker 3
[23:36:11] [Client thread/INFO]: Created: 1024x512 textures/blocks-atlas
[23:36:17] [Client thread/INFO]: Created: 1024x512 textures/items-atlas
[23:36:18] [S[23:37:17] [Client thread/INFO]: Stopping!
ted
[23:37:19] [Client thread/INFO]: Stopping!
[23:42:02] [main/INFO]: Setting user: Player496
[23:42:05] [Client thread/INFO]: LWJGL Version: 2.9.1
[23:42:22] [Client thread/INFO]: Reloading ResourceManager: Default, FMLFileResourcePack:Forge Mod Loader, FMLFileResourcePack:Minecraft Forge, FMLFileResourcePack:Not Enough Items, FMLFileResourcePack:Advanced Botany, FMLFileResourcePack:Baubles, FMLFileResourcePack:Botania, FMLFileResourcePack:Thaumcraft, FMLFileResourcePack:MineTweaker 3
[23:42:37] [Sound Library Loader/INFO]: Sound engine started
[23:42:39] [Client thread/INFO]: Created: [23:42:50] [Client thread/INFO]: Reloading ResourceManager: Default, FMLFileResourcePack:Forge Mod Loader, FMLFileResourcePack:Minecraft Forge, FMLFileResourcePack:Not Enough Items, FMLFileResourcePack:Advanced Botany, FMLFileResourcePack:Baubles, FMLFileResourcePack:Botania, FMLFileResourcePack:Thaumcraft, FMLFileResourcePack:MineTweaker 3
[23:42:59] [Sound Library Loader/INFO]: Sound engine started
[23:43:03] [Client thread/INFO]: Created: 16x16 textures/blocks-atlas
[23:43:03] [Client thread/INFO]: Created: 16x16 textures/items-atlas
[23:43:07] [Client thread/INFO]: Reloading ResourceManager: Default, FMLFileResourcePack:Forge Mod Loader, FMLFileResourcePack:Minecraft Forge, FMLFileResourcePack:Not Enough Items, FMLFileResourcePack:Advanced Botany, FMLFileResourcePack:Baubles, FMLFileResourcePack:Botania, FMLFileResourcePack:Thaumcraft, FMLFileResourcePack:MineTweaker 3
[23:43:10] [Client thread/INFO]: Created: 1024x512 textures/blocks-atlas
[23:43:12] [Client thread/INFO]: Created: 1024x512 textures/items-atlas
[23:43:13] [Sound Library Loader/INFO]: Sound eng[23:43:15] [C[23:43:40] [Client thread/INFO]: Stopping!
3:43:27] [Client thread/INFO]: Reloading ResourceManager: Default, FMLFileResourcePack:Forge Mod Loader, FMLFileResourcePack:Minecraft Forge, FMLFileResourcePack:Not Enough Items, FMLFileResourcePack:Advanced Botany, FMLFileResourcePack:Baubles, FMLFileResourcePack:Botania, FMLFileResourcePack:Thaumcraft, FMLFileResourcePack:MineTweaker 3
[23:43:34] [Sound Library Loader/INFO]: Sound engine started
[23:43:35] [Client thread/INFO]: Created: 16x16 textures/blocks-atlas
[23:43:35] [Client thread/INFO]: Created: 16x16 textures/items-atlas
[23:43:37] [Client thread/INFO]: Reloading ResourceManager: Default, FMLFileResourcePack:Forge Mod Loader, FMLFileResourcePack:Minecraft Forge, FMLFileResourcePack:Not Enough Items, FMLFileResourcePack:Advanced Botany, FMLFileResourcePack:Baubles, FMLFileResourcePack:Botania, FMLFileResourcePack:Thaumcraft, FMLFileResourcePack:MineTweaker 3
[23:43:39] [Client thread/INFO]: Created: 1024x512 textures/blocks-atlas
[23:43:40] [Client thread/INFO]: Created: 1024x512 textures/items-atlas
[23:43:41] [Sound Library Loader/INFO]: Sound engine started
[23:43:44] [Client thread/INFO]: Stopping!
[23:43:54] [main/INFO]: Setting user: Player757
[23:43:57] [Client thread/INFO]: LWJGL Version: 2.9.1
[23:44:07] [Client thread/INFO]: Reloading ResourceManager: Default, FMLFileResourcePack:Forge Mod Loader, FMLFileResourcePack:Minecraft Forge, FMLFileResourcePack:Not Enough Items, FMLFileResourcePack:Advanced Botany, FMLFileResourcePack:Baubles, FMLFileResourcePack:Botania, FMLFileResourcePack:Thaumcraft, FMLFileResourcePack:MineTweaker 3
[23:44:14] [Sound Library Loader/INFO]: Sound engine started
[23:44:15] [Client thread/INFO]: Created: 16x16 textures/blocks-atlas
[23:44:15] [Client thread/INFO]: Created: 16x16 textures/items-atlas
[23:44:17] [Client thread/INFO]: Reloading ResourceManager: Default, FMLFileResourcePack:Forge Mod Loader, FMLFileResourcePack:Minecraft Forge, FMLFileResourcePack:Not Enough Items, FMLFileResourcePack:Advanced Botany, FMLFileResourcePack:Baubles, FMLFileResourcePack:Botania, FMLFileResourcePack:Thaumcraft, FMLFileResourcePack:MineTweaker 3
[23:44:18] [Client thread/INFO]: Created: 1024x512 textures/blocks-atlas
[23:44:19] [Client thread/INFO]: Created: 1024x512 textures/items-atlas
[23:44:20] [Sound Library Loader/INFO]: Sound engine started
[23:44:26] [Server thread/INFO]: Starting integrated minecraft server version 1.7.10
[23:44:26] [Server thread/INFO]: Generating keypair
[23:44:27] [Server thread/INFO]: Preparing start region for level 0
[23:44:27] [Server thread/INFO]: Changing view distance to 3, from 10
[23:44:28] [Server thread/INFO]: Player757[local:E:03c28138] logged in with entity id 266 at (-206.31203071243243, 3.0, -9.600892919500009)
[23:44:28] [Server thread/INFO]: Player757 joined the game
[23:44:43] [Server thread/INFO]: Player757 has just earned the achievement [Taking Inventory]
[23:44:43] [Client thread/INFO]: [CHAT] Player757 has just earned the achievement [Taking Inventory]
[23:48:31] [Server thread/INFO]: [Player757: Given [Pixie Dust] * 63 to Player757]
[23:48:31] [Client thread/INFO]: [CHAT] Given [Pixie Dust] * 63 to Player757
[23:48:36] [Server thread/INFO]: [Player757: Given [Mithrill Nugget] * 63 to Player757]
[23:48:36] [Client thread/INFO]: [CHAT] Given [Mithrill Nugget] * 63 to Player757
[23:48:43] [Server thread/INFO]: [Player757: Given [Block of Dragonstone] * 63 to Player757]
[23:48:43] [Client thread/INFO]: [CHAT] Given [Block of Dragonstone] * 63 to Player757
[23:50:01] [Server thread/INFO]: Saving and pausing game...
[23:50:01] [Server thread/INFO]: Saving chunks for level 'New World'/Overworld
[23:50:02] [Server thread/INFO]: Saving chunks for level 'New World'/Nether
[23:50:02] [Server thread/INFO]: Saving chunks for level 'New World'/The End
[23:50:02] [Server thread/INFO]: Saving chunks for level 'New World'/The Outer Lands
[23:50:02] [Server thread/INFO]: Stopping server
[23:50:02] [Server thread/INFO]: Saving players
[23:50:02] [Server thread/INFO]: Saving worlds
[23:50:02] [Server thread/INFO]: Saving chunks for level 'New World'/Overworld
[23:50:02] [Server thread/INFO]: Saving chunks for level 'New World'/Nether
[23:50:02] [Server thread/INFO]: Saving chunks for level 'New World'/The End
[23:50:02] [Server thread/INFO]: Saving chunks for level 'New World'/The Outer Lands
[23:50:04] [Client thread/INFO]: Stopping!
MLFileResourcePack:Botania, FMLFileResourcePack:Thaumcraft, FMLFileResourcePack:MineTweaker 3
[23:46:13] [Client thread/INFO]: Created: 1024x512 textures/blocks-atlas
[23:46:16] [Client thread/INFO]: Created: 1024x512 textures/items-atlas
[23:46:17] [Sound Library Loader/INFO]: Sound engine started
[23:47:42] [Client thread/INFO]: Stopping!
64
[23:47:30] [Client thread/INFO]: LWJGL Version: 2.9.1
[23:47:47] [Client thread/INFO]: Reloading ResourceManager: Default, FMLFileResourcePack:Forge Mod Loader, FMLFileResourcePack:Minecraft Forge, FMLFileResourcePack:Not Enough Items, FMLFileResourcePack:Advanced Botany, FMLFileResourcePack:Baubles, FMLFileResourcePack:Botania, FMLFileResourcePack:Thaumcraft, FMLFileResourcePack:MineTweaker 3
[23:47:56] [Sound Library Loader/INFO]: Sound engine started
[23:47:58] [Client thread/INFO]: Created: 16x16 textures/blocks-atlas
[23:47:58] [Client thread/INFO]: Created: 16x16 textures/items-atlas
[23:48:01] [Client thread/INFO]: Reloading ResourceManager: Default, FMLFileResourcePack:Forge Mod Loader, FMLFileResourcePack:Minecraft Forge, FMLFileResourcePack:Not Enough Items, FMLFileResourcePack:Advanced Botany, FMLFileResourcePack:Baubles, FMLFileResourcePack:Botania, FMLFileResourcePack:Thaumcraft, FMLFileResourcePack:MineTweaker 3
[23:48:03] [Client thread/INFO]: Created: 1024x512 textures/blocks-atlas
[23:48:05] [Client thread/INFO]: Created: 1024x512 textures/items-atlas
[23:48:06] [Sound Library Loader/INFO]: Sound engine started
[23:50:05] [Client thread/INFO]: Stopping!
176
[23:50:06] [Client thread/INFO]: LWJGL Version: 2.9.1
[23:50:18] [Client thread/INFO]: Reloading ResourceManager: Default, FMLFileResourcePack:Forge Mod Loader, FMLFileResourcePack:Minecraft Forge, FMLFileResourcePack:Not Enough Items, FMLFileResourcePack:Advanced Botany, FMLFileResourcePack:Baubles, FMLFileResourcePack:Botania, FMLFileResourcePack:Thaumcraft, FMLFileResourcePack:MineTweaker 3
[23:50:24] [Sound Library Loader/INFO]: Sound engine started
[23:50:26] [Client thread/INFO]: Created: 16x16 textures/blocks-atlas
[23:50:26] [Client thread/INFO]: Created: 16x16 textures/items-atlas
[23:50:28] [Client thread/INFO]: Reloading ResourceManager: Default, FMLFileResourcePack:Forge Mod Loader, FMLFileResourcePack:Minecraft Forge, FMLFileResourcePack:Not Enough Items, FMLFileResourcePack:Advanced Botany, FMLFileResourcePack:Baubles, FMLFileResourcePack:Botania, FMLFileResourcePack:Thaumcraft, FMLFileResourcePack:MineTweaker 3
[23:50:29] [Client thread/INFO]: Created: 1024x512 textures/blocks-atlas
[23:50:30] [Client thread/INFO]: Created: 1024x512 textures/items-atlas
[23:50:31] [Sound Library Loader/INFO]: Sound engine started
[23:50:55] [Server thread/INFO]: Starting integrated minecraft server version 1.7.10
[23:50:55] [Server[23:50:56] [Client thread/INFO]: Reloading ResourceManager: Default, FMLFileResourcePack:Forge Mod Loade[23:50:56] [Server thread/INFO]: Changing view distance to 3, from 10
[23:50:57] [Server thread/INFO]: Player176[local:E:e0b9b94d] logged in with entity id 235 at (-207.73498250537364, 4.0, -10.286346791618723)
[23:50:57] [Server thread/I[23:51:05] [Sound Library Loader/[23:51:21] [Server thread/INFO]: Player176 has just earned the achievement [Taking Inventory]
[23:51:21] [Client thread/INFO]: [CHAT] Player176 has just earned the achievement [Taking Inventory]
NFO]: Reloading ResourceManager: Default, FMLFileResourcePack:Forge Mod Loader, FMLFileResourcePack:Minecraft Forge, FMLFileResourcePack:Not Enough Items, FMLFileResourcePack:Advanced Botany, FMLFileResourcePack:Baubles, FMLFileResourcePack:Botania, FMLFileResourcePack:Thaumcraft, FMLFileResourcePack:MineTweaker 3
[23:51:14] [Client thread/INFO]: Created: 1024x512 textures/blocks-atlas
[23:51:16] [Client thread/INFO]: Created: 1024x512 textures/items-atlas
[23:51:17] [Sound Library Loader/INFO]: Sound engine started
[23:54:28] [Client thread/INFO]: Stopping!
503
[23:51:39] [Client thread/INFO]: LWJGL Version: 2.9.1
[23:51:57] [Client thread/INFO]: Reloading ResourceManager: Default, FMLFileResourcePack:Forge Mod Loader, FMLFileResourcePack:Minecraft Forge, FMLFileResourcePack:Not Enough Items, FMLFileResourcePack:Advanced Botany, FMLFileResourcePack:Baubles, FMLFileResourcePack:Botania, FMLFileResourcePack:Thaumcraft, FMLFileResourcePack:MineTweaker 3
[23:52:07] [Sound Library Loader/INFO]: Sound engine started
[23:52:09] [Client thread/INFO]: Created: 16x16 textures/blocks-atlas
[23:52:09] [Client thread/INFO]: Created: 16x16 textures/items-atlas
[23:52:12] [Client thread/INFO]: Reloading ResourceManager: Default, FMLFileResourcePack:Forge Mod Loader, FMLFileResourcePack:Minecraft Forge, FMLFileResourcePack:Not Enough Items, FMLFileResourcePack:Advanced Botany, FMLFileResourcePack:Baubles, FMLFileResourcePack:Botania, FMLFileResourcePack:Thaumcraft, FMLFileResourcePack:MineTweaker 3
[23:52:14] [Client thread/INFO]: Created: 1024x512 textures/blocks-atlas
[23:52:17] [Client thread/INFO]: Created: 1024x512 textures/items-atlas
[23:52:18] [Sound Library Loader/INFO]: Sound engine started
[23:54:30] [Client thread/INFO]: Stopping!
423
[23:53:09] [Client thread/INFO]: LWJGL Version: 2.9.1
[23:53:26] [Client thread/INFO]: Reloading ResourceManager: Default, FMLFileResourcePack:Forge Mod Loader, FMLFileResourcePack:Minecraft Forge, FMLFileResourcePack:Not Enough Items, FMLFileResourcePack:Advanced Botany, FMLFileResourcePack:Baubles, FMLFileResourcePack:Botania, FMLFileResourcePack:Thaumcraft, FMLFileResourcePack:MineTweaker 3
[23:53:36] [Sound Library Loader/INFO]: Sound engine started
[23:53:39] [Client thread/INFO]: Created: 16x16 textures/blocks-atlas
[23:53:39] [Client thread/INFO]: Created: 16x16 textures/items-atlas
[23:53:42] [Client thread/INFO]: Reloading ResourceManager: Default, FMLFileResourcePack:Forge Mod Loader, FMLFileResourcePack:Minecraft Forge, FMLFileResourcePack:Not Enough Items, FMLFileResourcePack:Advanced Botany, FMLFileResourcePack:Baubles, FMLFileResourcePack:Botania, FMLFileResourcePack:Thaumcraft, FMLFileResourcePack:MineTweaker 3
[23:53:44] [Client thread/INFO]: Created: 1024x512 textures/blocks-atlas
[23:53:45] [Client thread/INFO]: Created: 1024x512 textures/items-atlas
[23:53:46] [Sound Library Loader/INFO]: Sound engine started
[23:54:32] [Client thread/INFO]: Stopping!
732
[23:54:05] [Client thread/INFO]: LWJGL Version: 2.9.1
[23:54:22] [Client thread/INFO]: Reloading ResourceManager: Default, FMLFileResourcePack:Forge Mod Loader, FMLFileResourcePack:Minecraft Forge, FMLFileResourcePack:Not Enough Items, FMLFileResourcePack:Advanced Botany, FMLFileResourcePack:Baubles, FMLFileResourcePack:Botania, FMLFileResourcePack:Thaumcraft, FMLFileResourcePack:MineTweaker 3
[23:54:33] [Sound Library Loader/INFO]: Sound engine started
[23:54:36] [Client thread/INFO]: Created: 16x16 textures/blocks-atlas
[23:54:36] [Client thread/INFO]: Created: 16x16 textures/items-atlas
[23:54:38] [Client thread/INFO]: Reloading ResourceManager: Default, FMLFileResourcePack:Forge Mod Loader, FMLFileResourcePack:Minecraft Forge, FMLFileResourcePack:Not Enough Items, FMLFileResourcePack:Advanced Botany, FMLFileResourcePack:Baubles, FMLFileResourcePack:Botania, FMLFileResourcePack:Thaumcraft, FMLFileResourcePack:MineTweaker 3
[23:54:40] [Client thread/INFO]: Created: 1024x512 textures/blocks-atlas
[23:54:41] [Client thread/INFO]: Created: 1024x512 textures/items-atlas
[23:54:42] [Sound Library Loader/INFO]: Sound engine started
[23:58:45] [Client thread/INFO]: Stopping!
487
[23:56:27] [Client thread/INFO]: LWJGL Version: 2.9.1
[23:56:43] [Client thread/INFO]: Reloading ResourceManager: Default, FMLFileResourcePack:Forge Mod Loader, FMLFileResourcePack:Minecraft Forge, FMLFileResourcePack:Not Enough Items, FMLFileResourcePack:Advanced Botany, FMLFileResourcePack:Baubles, FMLFileResourcePack:Botania, FMLFileResourcePack:Thaumcraft, FMLFileResourcePack:MineTweaker 3
[23:57:00] [Sound Library Loader/INFO]: Sound en[23:57:00] [Cl[23:57:04] [Client thread/INFO]: Created:[23:57:21] [Client thread/INFO]: Reloading ResourceManager: Default, FMLFileResourcePack:Forge Mod Loader, FMLFileResourcePack:Minecraft Forge, FMLFileResourcePack:Not Enough Items, FMLFileResourcePack:Advanced Botany, FMLFileResourcePack:Baubles, FMLFileResourcePack:Botania, FMLFileResourcePack:Thaumcraft, FMLFileResourcePack:MineTweaker 3
[23:57:30] [Sound Library Loader/INFO]: Sound engine started
[23:57:32] [Client thread/INFO]: Created: 16x16 textures/blocks-atlas
[23:57:32] [Client thread/INFO]: Created: 16x16 textures/items-atlas
[23:57:35] [Client thread/INFO]: Reloading ResourceManager: Default, FMLFileResourcePack:Forge Mod Loader,[23:58:47] [Client thread/INFO]: Stopping!
eResourcePack:Not Enough Items, FMLFileResourcePack:Advanced Botany, FMLFileResourcePack:Baubles, FMLFileResourcePack:Botania, FMLFileResourcePack:Thaumcraft, FMLFileResourcePack:MineTweaker 3
[23:57:38] [Client thread/INFO]: Created: 1024x512 textures/blocks-atlas
[23:57:40] [Client thread/INFO]: Created: 1024x512 textures/items-atlas
[23:57:41] [Sound Library Loader/INFO]: Sound engine started
[23:57:49] [main/INFO]: Setting user: Player49
[23:57:53] [Client thread/INFO]: LWJGL Version: 2.9.1
[23:58:11] [Client thread/INFO]: Reloading ResourceManager: Default, FMLFileResourcePack:Forge Mod Loader, FMLFileResourcePack:Minecraft Forge, FMLFileResourcePack:Not Enough Items, FMLFileResourcePack:Advanced Botany, FMLFileResourcePack:Baubles, FMLFileResourcePack:Botania, FMLFileResourcePack:Thaumcraft, FMLFileResourcePack:MineTweaker 3
[23:58:21] [Sound Library Loader/INFO]: Sound engine started
[23:58:24] [Client thread/INFO]: Created: 16x16 textures/blocks-atlas
[23:58:24] [Client thread/INFO]: Created: 16x16 textures/items-atlas
[23:58:27] [Client thread/INFO]: Reloading ResourceManager: Default, FMLFileResourcePack:Forge Mod Loader, FMLFileResourcePack:Minecraft Forge, FMLFileResourcePack:Not Enough Items, FMLFileResourcePack:Advanced Botany, FMLFileResourcePack:Baubles, FMLFileResourcePack:Botania, FMLFileResourcePack:Thaumcraft, FMLFileResourcePack:MineTweaker 3
[23:58:29] [Client thread/INFO]: Created: 1024x512 textures/blocks-atlas
[23:58:34] [Client thread/INFO]: Created: 1024x512 textures/items-atlas
[23:58:35] [Sound Library Loader/INFO]: Sound engine started
[23:59:10] [main/INFO]: Setting user: Player41
[23:59:16] [Client thread/INFO]: LWJGL Version: 2.9.1
[23:59:33] [Client thread/INFO]: Reloading ResourceManager: Default, FMLFileResourcePack:Forge Mod Loader, FMLFileResourcePack:Minecraft Forge, FMLFileResourcePack:Not Enough Items, FMLFileResourcePack:Advanced Botany, FMLFileResourcePack:Baubles, FMLFileResourcePack:Botania, FMLFileResourcePack:Thaumcraft, FMLFileResourcePack:MineTweaker 3
[23:59:43] [Sound Library Loader/INFO]: Sound engine started
[23:59:46] [Client thread/INFO]: Created: 16x16 textures/blocks-atlas
[23:59:46] [Client thread/INFO]: Created: 16x16 textures/items-atlas
[23:59:49] [Client thread/INFO]: Reloading ResourceManager: Default, FMLFileResourcePack:Forge Mod Loader, FMLFileResourcePack:Minecraft Forge, FMLFileResourcePack:Not Enough Items, FMLFileResourcePack:Advanced Botany, FMLFileResourcePack:Baubles, FMLFileResourcePack:Botania, FMLFileResourcePack:Thaumcraft, FMLFileResourcePack:MineTweaker 3
[23:59:51] [Client thread/INFO]: Created: 1024x512 textures/blocks-atlas
[23:59:55] [Client thread/INFO]: Created: 1024x512 textures/items-atlas
[23:59:56] [Sound Library Loader/INFO]: Sound engine started
[00:02:27] [Client thread/INFO]: Stopping!
[00:02:29] [Client thread/INFO]: Stopping!
